This file contains any messages produced by compilers while
running configure, to aid debugging if configure makes a mistake.

It was created by configure, which was
generated by GNU Autoconf 2.59.  Invocation command line was

  $ ./configure 

## --------- ##
## Platform. ##
## --------- ##

hostname = jaspion
uname -m = x86_64
uname -r = 3.13.0-79-generic
uname -s = Linux
uname -v = #123-Ubuntu SMP Fri Feb 19 14:27:58 UTC 2016

/usr/bin/uname -p = unknown
/bin/uname -X     = unknown

/bin/arch              = unknown
/usr/bin/arch -k       = unknown
/usr/convex/getsysinfo = unknown
hostinfo               = unknown
/bin/machine           = unknown
/usr/bin/oslevel       = unknown
/bin/universe          = unknown

PATH: /usr/local/sbin
PATH: /usr/local/bin
PATH: /usr/sbin
PATH: /usr/bin
PATH: /sbin
PATH: /bin
PATH: /usr/games
PATH: /usr/local/games


## ----------- ##
## Core tests. ##
## ----------- ##

configure:1414: checking for gcc
configure:1430: found /usr/bin/gcc
configure:1440: result: gcc
configure:1684: checking for C compiler version
configure:1687: gcc --version </dev/null >&5
gcc (Ubuntu 4.8.4-2ubuntu1~14.04.1) 4.8.4
Copyright (C) 2013 Free Software Foundation, Inc.
This is free software; see the source for copying conditions.  There is NO
warranty; not even for MERCHANTABILITY or FITNESS FOR A PARTICULAR PURPOSE.

configure:1690: $? = 0
configure:1692: gcc -v </dev/null >&5
Using built-in specs.
COLLECT_GCC=gcc
COLLECT_LTO_WRAPPER=/usr/lib/gcc/x86_64-linux-gnu/4.8/lto-wrapper
Target: x86_64-linux-gnu
Configured with: ../src/configure -v --with-pkgversion='Ubuntu 4.8.4-2ubuntu1~14.04.1' --with-bugurl=file:///usr/share/doc/gcc-4.8/README.Bugs --enable-languages=c,c++,java,go,d,fortran,objc,obj-c++ --prefix=/usr --program-suffix=-4.8 --enable-shared --enable-linker-build-id --libexecdir=/usr/lib --without-included-gettext --enable-threads=posix --with-gxx-include-dir=/usr/include/c++/4.8 --libdir=/usr/lib --enable-nls --with-sysroot=/ --enable-clocale=gnu --enable-libstdcxx-debug --enable-libstdcxx-time=yes --enable-gnu-unique-object --disable-libmudflap --enable-plugin --with-system-zlib --disable-browser-plugin --enable-java-awt=gtk --enable-gtk-cairo --with-java-home=/usr/lib/jvm/java-1.5.0-gcj-4.8-amd64/jre --enable-java-home --with-jvm-root-dir=/usr/lib/jvm/java-1.5.0-gcj-4.8-amd64 --with-jvm-jar-dir=/usr/lib/jvm-exports/java-1.5.0-gcj-4.8-amd64 --with-arch-directory=amd64 --with-ecj-jar=/usr/share/java/eclipse-ecj.jar --enable-objc-gc --enable-multiarch --disable-werror --with-arch-32=i686 --with-abi=m64 --with-multilib-list=m32,m64,mx32 --with-tune=generic --enable-checking=release --build=x86_64-linux-gnu --host=x86_64-linux-gnu --target=x86_64-linux-gnu
Thread model: posix
gcc version 4.8.4 (Ubuntu 4.8.4-2ubuntu1~14.04.1) 
configure:1695: $? = 0
configure:1697: gcc -V </dev/null >&5
gcc: error: unrecognized command line option '-V'
gcc: fatal error: no input files
compilation terminated.
configure:1700: $? = 4
configure:1723: checking for C compiler default output file name
configure:1726: gcc    conftest.c  >&5
configure:1729: $? = 0
configure:1775: result: a.out
configure:1780: checking whether the C compiler works
configure:1786: ./a.out
configure:1789: $? = 0
configure:1806: result: yes
configure:1813: checking whether we are cross compiling
configure:1815: result: no
configure:1818: checking for suffix of executables
configure:1820: gcc -o conftest    conftest.c  >&5
configure:1823: $? = 0
configure:1848: result: 
configure:1854: checking for suffix of object files
configure:1875: gcc -c   conftest.c >&5
configure:1878: $? = 0
configure:1900: result: o
configure:1904: checking whether we are using the GNU C compiler
configure:1928: gcc -c   conftest.c >&5
configure:1934: $? = 0
configure:1938: test -z 
			 || test ! -s conftest.err
configure:1941: $? = 0
configure:1944: test -s conftest.o
configure:1947: $? = 0
configure:1960: result: yes
configure:1966: checking whether gcc accepts -g
configure:1987: gcc -c -g  conftest.c >&5
configure:1993: $? = 0
configure:1997: test -z 
			 || test ! -s conftest.err
configure:2000: $? = 0
configure:2003: test -s conftest.o
configure:2006: $? = 0
configure:2017: result: yes
configure:2034: checking for gcc option to accept ANSI C
configure:2104: gcc  -c -g -O2  conftest.c >&5
configure:2110: $? = 0
configure:2114: test -z 
			 || test ! -s conftest.err
configure:2117: $? = 0
configure:2120: test -s conftest.o
configure:2123: $? = 0
configure:2141: result: none needed
configure:2159: gcc -c -g -O2  conftest.c >&5
conftest.c:2:3: error: unknown type name 'choke'
   choke me
   ^
conftest.c:2:3: error: expected '=', ',', ';', 'asm' or '__attribute__' at end of input
configure:2165: $? = 1
configure: failed program was:
| #ifndef __cplusplus
|   choke me
| #endif
configure:2336: checking for a BSD-compatible install
configure:2391: result: /usr/bin/install -c
configure:2402: checking whether build environment is sane
configure:2445: result: yes
configure:2447: checking whether ln -s works
configure:2451: result: yes
configure:2473: checking for gmake
configure:2502: result: no
configure:2509: checking for make
configure:2525: found /usr/bin/make
configure:2535: result: make
configure:2544: checking whether make sets $(MAKE)
configure:2564: result: yes
configure:2579: checking how to run the C preprocessor
configure:2614: gcc -E  conftest.c
configure:2620: $? = 0
configure:2652: gcc -E  conftest.c
conftest.c:10:28: fatal error: ac_nonexistent.h: No such file or directory
 #include <ac_nonexistent.h>
                            ^
compilation terminated.
configure:2658: $? = 1
configure: failed program was:
| /* confdefs.h.  */
| 
| #define PACKAGE_NAME ""
| #define PACKAGE_TARNAME ""
| #define PACKAGE_VERSION ""
| #define PACKAGE_STRING ""
| #define PACKAGE_BUGREPORT ""
| #define VERSION_NUMBER "1.2.1"
| /* end confdefs.h.  */
| #include <ac_nonexistent.h>
configure:2697: result: gcc -E
configure:2721: gcc -E  conftest.c
configure:2727: $? = 0
configure:2759: gcc -E  conftest.c
conftest.c:10:28: fatal error: ac_nonexistent.h: No such file or directory
 #include <ac_nonexistent.h>
                            ^
compilation terminated.
configure:2765: $? = 1
configure: failed program was:
| /* confdefs.h.  */
| 
| #define PACKAGE_NAME ""
| #define PACKAGE_TARNAME ""
| #define PACKAGE_VERSION ""
| #define PACKAGE_STRING ""
| #define PACKAGE_BUGREPORT ""
| #define VERSION_NUMBER "1.2.1"
| /* end confdefs.h.  */
| #include <ac_nonexistent.h>
configure:2809: checking for egrep
configure:2819: result: grep -E
configure:2825: checking whether gcc needs -traditional
configure:2867: result: no
configure:2874: checking for library containing strerror
configure:2904: gcc -o conftest -g -O2   conftest.c  >&5
configure:2910: $? = 0
configure:2914: test -z 
			 || test ! -s conftest.err
configure:2917: $? = 0
configure:2920: test -s conftest
configure:2923: $? = 0
configure:2993: result: none required
configure:3001: checking for AIX
configure:3023: result: no
configure:3033: checking for gawk
configure:3062: result: no
configure:3033: checking for mawk
configure:3049: found /usr/bin/mawk
configure:3059: result: mawk
configure:3070: checking whether compiler understands -fno-strict-aliasing
configure:3090: gcc -c -g -O2 -fno-strict-aliasing  conftest.c >&5
configure:3096: $? = 0
configure:3100: test -z 
			 || test ! -s conftest.err
configure:3103: $? = 0
configure:3106: test -s conftest.o
configure:3109: $? = 0
configure:3111: result: yes
configure:3123: checking for getpwnam in -lsun
configure:3153: gcc -o conftest -g -O2 -fno-strict-aliasing   conftest.c -lsun   >&5
/usr/bin/ld: cannot find -lsun
collect2: error: ld returned 1 exit status
configure:3159: $? = 1
configure: failed program was:
| /* confdefs.h.  */
| 
| #define PACKAGE_NAME ""
| #define PACKAGE_TARNAME ""
| #define PACKAGE_VERSION ""
| #define PACKAGE_STRING ""
| #define PACKAGE_BUGREPORT ""
| #define VERSION_NUMBER "1.2.1"
| /* end confdefs.h.  */
| 
| /* Override any gcc2 internal prototype to avoid an error.  */
| #ifdef __cplusplus
| extern "C"
| #endif
| /* We use char because int might match the return type of a gcc2
|    builtin and then its argument prototype would still apply.  */
| char getpwnam ();
| int
| main ()
| {
| getpwnam ();
|   ;
|   return 0;
| }
configure:3185: result: no
configure:3191: checking for inet_addr in -ldgc
configure:3221: gcc -o conftest -g -O2 -fno-strict-aliasing   conftest.c -ldgc   >&5
/usr/bin/ld: cannot find -ldgc
collect2: error: ld returned 1 exit status
configure:3227: $? = 1
configure: failed program was:
| /* confdefs.h.  */
| 
| #define PACKAGE_NAME ""
| #define PACKAGE_TARNAME ""
| #define PACKAGE_VERSION ""
| #define PACKAGE_STRING ""
| #define PACKAGE_BUGREPORT ""
| #define VERSION_NUMBER "1.2.1"
| /* end confdefs.h.  */
| 
| /* Override any gcc2 internal prototype to avoid an error.  */
| #ifdef __cplusplus
| extern "C"
| #endif
| /* We use char because int might match the return type of a gcc2
|    builtin and then its argument prototype would still apply.  */
| char inet_addr ();
| int
| main ()
| {
| inet_addr ();
|   ;
|   return 0;
| }
configure:3253: result: no
configure:3259: checking for crypt in -lcrypt
configure:3289: gcc -o conftest -g -O2 -fno-strict-aliasing   conftest.c -lcrypt   >&5
configure:3295: $? = 0
configure:3299: test -z 
			 || test ! -s conftest.err
configure:3302: $? = 0
configure:3305: test -s conftest
configure:3308: $? = 0
configure:3321: result: yes
configure:3331: checking for pow in -lm
configure:3361: gcc -o conftest -g -O2 -fno-strict-aliasing   conftest.c -lm  -lcrypt  >&5
conftest.c:18:6: warning: conflicting types for built-in function 'pow' [enabled by default]
 char pow ();
      ^
configure:3367: $? = 0
configure:3371: test -z 
			 || test ! -s conftest.err
configure:3374: $? = 0
configure:3377: test -s conftest
configure:3380: $? = 0
configure:3393: result: yes
configure:3408: checking for dirent.h that defines DIR
configure:3432: gcc -c -g -O2 -fno-strict-aliasing  conftest.c >&5
configure:3438: $? = 0
configure:3442: test -z 
			 || test ! -s conftest.err
configure:3445: $? = 0
configure:3448: test -s conftest.o
configure:3451: $? = 0
configure:3462: result: yes
configure:3475: checking for library containing opendir
configure:3505: gcc -o conftest -g -O2 -fno-strict-aliasing   conftest.c -lm -lcrypt  >&5
configure:3511: $? = 0
configure:3515: test -z 
			 || test ! -s conftest.err
configure:3518: $? = 0
configure:3521: test -s conftest
configure:3524: $? = 0
configure:3594: result: none required
configure:3730: checking for ANSI C header files
configure:3755: gcc -c -g -O2 -fno-strict-aliasing  conftest.c >&5
configure:3761: $? = 0
configure:3765: test -z 
			 || test ! -s conftest.err
configure:3768: $? = 0
configure:3771: test -s conftest.o
configure:3774: $? = 0
configure:3863: gcc -o conftest -g -O2 -fno-strict-aliasing   conftest.c -lm -lcrypt  >&5
conftest.c: In function 'main':
conftest.c:29:7: warning: incompatible implicit declaration of built-in function 'exit' [enabled by default]
       exit(2);
       ^
configure:3866: $? = 0
configure:3868: ./conftest
configure:3871: $? = 0
configure:3886: result: yes
configure:3910: checking for sys/types.h
configure:3926: gcc -c -g -O2 -fno-strict-aliasing  conftest.c >&5
configure:3932: $? = 0
configure:3936: test -z 
			 || test ! -s conftest.err
configure:3939: $? = 0
configure:3942: test -s conftest.o
configure:3945: $? = 0
configure:3956: result: yes
configure:3910: checking for sys/stat.h
configure:3926: gcc -c -g -O2 -fno-strict-aliasing  conftest.c >&5
configure:3932: $? = 0
configure:3936: test -z 
			 || test ! -s conftest.err
configure:3939: $? = 0
configure:3942: test -s conftest.o
configure:3945: $? = 0
configure:3956: result: yes
configure:3910: checking for stdlib.h
configure:3926: gcc -c -g -O2 -fno-strict-aliasing  conftest.c >&5
configure:3932: $? = 0
configure:3936: test -z 
			 || test ! -s conftest.err
configure:3939: $? = 0
configure:3942: test -s conftest.o
configure:3945: $? = 0
configure:3956: result: yes
configure:3910: checking for string.h
configure:3926: gcc -c -g -O2 -fno-strict-aliasing  conftest.c >&5
configure:3932: $? = 0
configure:3936: test -z 
			 || test ! -s conftest.err
configure:3939: $? = 0
configure:3942: test -s conftest.o
configure:3945: $? = 0
configure:3956: result: yes
configure:3910: checking for memory.h
configure:3926: gcc -c -g -O2 -fno-strict-aliasing  conftest.c >&5
configure:3932: $? = 0
configure:3936: test -z 
			 || test ! -s conftest.err
configure:3939: $? = 0
configure:3942: test -s conftest.o
configure:3945: $? = 0
configure:3956: result: yes
configure:3910: checking for strings.h
configure:3926: gcc -c -g -O2 -fno-strict-aliasing  conftest.c >&5
configure:3932: $? = 0
configure:3936: test -z 
			 || test ! -s conftest.err
configure:3939: $? = 0
configure:3942: test -s conftest.o
configure:3945: $? = 0
configure:3956: result: yes
configure:3910: checking for inttypes.h
configure:3926: gcc -c -g -O2 -fno-strict-aliasing  conftest.c >&5
configure:3932: $? = 0
configure:3936: test -z 
			 || test ! -s conftest.err
configure:3939: $? = 0
configure:3942: test -s conftest.o
configure:3945: $? = 0
configure:3956: result: yes
configure:3910: checking for stdint.h
configure:3926: gcc -c -g -O2 -fno-strict-aliasing  conftest.c >&5
configure:3932: $? = 0
configure:3936: test -z 
			 || test ! -s conftest.err
configure:3939: $? = 0
configure:3942: test -s conftest.o
configure:3945: $? = 0
configure:3956: result: yes
configure:3910: checking for unistd.h
configure:3926: gcc -c -g -O2 -fno-strict-aliasing  conftest.c >&5
configure:3932: $? = 0
configure:3936: test -z 
			 || test ! -s conftest.err
configure:3939: $? = 0
configure:3942: test -s conftest.o
configure:3945: $? = 0
configure:3956: result: yes
configure:3997: checking sys/socket.h usability
configure:4009: gcc -c -g -O2 -fno-strict-aliasing  conftest.c >&5
configure:4015: $? = 0
configure:4019: test -z 
			 || test ! -s conftest.err
configure:4022: $? = 0
configure:4025: test -s conftest.o
configure:4028: $? = 0
configure:4038: result: yes
configure:4042: checking sys/socket.h presence
configure:4052: gcc -E  conftest.c
configure:4058: $? = 0
configure:4078: result: yes
configure:4113: checking for sys/socket.h
configure:4120: result: yes
configure:3997: checking sys/time.h usability
configure:4009: gcc -c -g -O2 -fno-strict-aliasing  conftest.c >&5
configure:4015: $? = 0
configure:4019: test -z 
			 || test ! -s conftest.err
configure:4022: $? = 0
configure:4025: test -s conftest.o
configure:4028: $? = 0
configure:4038: result: yes
configure:4042: checking sys/time.h presence
configure:4052: gcc -E  conftest.c
configure:4058: $? = 0
configure:4078: result: yes
configure:4113: checking for sys/time.h
configure:4120: result: yes
configure:3997: checking sys/fcntl.h usability
configure:4009: gcc -c -g -O2 -fno-strict-aliasing  conftest.c >&5
configure:4015: $? = 0
configure:4019: test -z 
			 || test ! -s conftest.err
configure:4022: $? = 0
configure:4025: test -s conftest.o
configure:4028: $? = 0
configure:4038: result: yes
configure:4042: checking sys/fcntl.h presence
configure:4052: gcc -E  conftest.c
configure:4058: $? = 0
configure:4078: result: yes
configure:4113: checking for sys/fcntl.h
configure:4120: result: yes
configure:3997: checking fcntl.h usability
configure:4009: gcc -c -g -O2 -fno-strict-aliasing  conftest.c >&5
configure:4015: $? = 0
configure:4019: test -z 
			 || test ! -s conftest.err
configure:4022: $? = 0
configure:4025: test -s conftest.o
configure:4028: $? = 0
configure:4038: result: yes
configure:4042: checking fcntl.h presence
configure:4052: gcc -E  conftest.c
configure:4058: $? = 0
configure:4078: result: yes
configure:4113: checking for fcntl.h
configure:4120: result: yes
configure:3997: checking sys/file.h usability
configure:4009: gcc -c -g -O2 -fno-strict-aliasing  conftest.c >&5
configure:4015: $? = 0
configure:4019: test -z 
			 || test ! -s conftest.err
configure:4022: $? = 0
configure:4025: test -s conftest.o
configure:4028: $? = 0
configure:4038: result: yes
configure:4042: checking sys/file.h presence
configure:4052: gcc -E  conftest.c
configure:4058: $? = 0
configure:4078: result: yes
configure:4113: checking for sys/file.h
configure:4120: result: yes
configure:3997: checking netinet/in.h usability
configure:4009: gcc -c -g -O2 -fno-strict-aliasing  conftest.c >&5
configure:4015: $? = 0
configure:4019: test -z 
			 || test ! -s conftest.err
configure:4022: $? = 0
configure:4025: test -s conftest.o
configure:4028: $? = 0
configure:4038: result: yes
configure:4042: checking netinet/in.h presence
configure:4052: gcc -E  conftest.c
configure:4058: $? = 0
configure:4078: result: yes
configure:4113: checking for netinet/in.h
configure:4120: result: yes
configure:3997: checking netdb.h usability
configure:4009: gcc -c -g -O2 -fno-strict-aliasing  conftest.c >&5
configure:4015: $? = 0
configure:4019: test -z 
			 || test ! -s conftest.err
configure:4022: $? = 0
configure:4025: test -s conftest.o
configure:4028: $? = 0
configure:4038: result: yes
configure:4042: checking netdb.h presence
configure:4052: gcc -E  conftest.c
configure:4058: $? = 0
configure:4078: result: yes
configure:4113: checking for netdb.h
configure:4120: result: yes
configure:3997: checking sys/un.h usability
configure:4009: gcc -c -g -O2 -fno-strict-aliasing  conftest.c >&5
configure:4015: $? = 0
configure:4019: test -z 
			 || test ! -s conftest.err
configure:4022: $? = 0
configure:4025: test -s conftest.o
configure:4028: $? = 0
configure:4038: result: yes
configure:4042: checking sys/un.h presence
configure:4052: gcc -E  conftest.c
configure:4058: $? = 0
configure:4078: result: yes
configure:4113: checking for sys/un.h
configure:4120: result: yes
configure:3997: checking sys/filio.h usability
configure:4009: gcc -c -g -O2 -fno-strict-aliasing  conftest.c >&5
conftest.c:64:23: fatal error: sys/filio.h: No such file or directory
 #include <sys/filio.h>
                       ^
compilation terminated.
configure:4015: $? = 1
configure: failed program was:
| /* confdefs.h.  */
| 
| #define PACKAGE_NAME ""
| #define PACKAGE_TARNAME ""
| #define PACKAGE_VERSION ""
| #define PACKAGE_STRING ""
| #define PACKAGE_BUGREPORT ""
| #define VERSION_NUMBER "1.2.1"
| #define HAVE_CRYPT 1
| #define HAVE_DIRENT_H 1
| #define STDC_HEADERS 1
| #define HAVE_SYS_TYPES_H 1
| #define HAVE_SYS_STAT_H 1
| #define HAVE_STDLIB_H 1
| #define HAVE_STRING_H 1
| #define HAVE_MEMORY_H 1
| #define HAVE_STRINGS_H 1
| #define HAVE_INTTYPES_H 1
| #define HAVE_STDINT_H 1
| #define HAVE_UNISTD_H 1
| #define HAVE_SYS_SOCKET_H 1
| #define HAVE_SYS_TIME_H 1
| #define HAVE_SYS_FCNTL_H 1
| #define HAVE_FCNTL_H 1
| #define HAVE_SYS_FILE_H 1
| #define HAVE_NETINET_IN_H 1
| #define HAVE_NETDB_H 1
| #define HAVE_SYS_UN_H 1
| /* end confdefs.h.  */
| #include <stdio.h>
| #if HAVE_SYS_TYPES_H
| # include <sys/types.h>
| #endif
| #if HAVE_SYS_STAT_H
| # include <sys/stat.h>
| #endif
| #if STDC_HEADERS
| # include <stdlib.h>
| # include <stddef.h>
| #else
| # if HAVE_STDLIB_H
| #  include <stdlib.h>
| # endif
| #endif
| #if HAVE_STRING_H
| # if !STDC_HEADERS && HAVE_MEMORY_H
| #  include <memory.h>
| # endif
| # include <string.h>
| #endif
| #if HAVE_STRINGS_H
| # include <strings.h>
| #endif
| #if HAVE_INTTYPES_H
| # include <inttypes.h>
| #else
| # if HAVE_STDINT_H
| #  include <stdint.h>
| # endif
| #endif
| #if HAVE_UNISTD_H
| # include <unistd.h>
| #endif
| #include <sys/filio.h>
configure:4038: result: no
configure:4042: checking sys/filio.h presence
configure:4052: gcc -E  conftest.c
conftest.c:30:23: fatal error: sys/filio.h: No such file or directory
 #include <sys/filio.h>
                       ^
compilation terminated.
configure:4058: $? = 1
configure: failed program was:
| /* confdefs.h.  */
| 
| #define PACKAGE_NAME ""
| #define PACKAGE_TARNAME ""
| #define PACKAGE_VERSION ""
| #define PACKAGE_STRING ""
| #define PACKAGE_BUGREPORT ""
| #define VERSION_NUMBER "1.2.1"
| #define HAVE_CRYPT 1
| #define HAVE_DIRENT_H 1
| #define STDC_HEADERS 1
| #define HAVE_SYS_TYPES_H 1
| #define HAVE_SYS_STAT_H 1
| #define HAVE_STDLIB_H 1
| #define HAVE_STRING_H 1
| #define HAVE_MEMORY_H 1
| #define HAVE_STRINGS_H 1
| #define HAVE_INTTYPES_H 1
| #define HAVE_STDINT_H 1
| #define HAVE_UNISTD_H 1
| #define HAVE_SYS_SOCKET_H 1
| #define HAVE_SYS_TIME_H 1
| #define HAVE_SYS_FCNTL_H 1
| #define HAVE_FCNTL_H 1
| #define HAVE_SYS_FILE_H 1
| #define HAVE_NETINET_IN_H 1
| #define HAVE_NETDB_H 1
| #define HAVE_SYS_UN_H 1
| /* end confdefs.h.  */
| #include <sys/filio.h>
configure:4078: result: no
configure:4113: checking for sys/filio.h
configure:4120: result: no
configure:3997: checking regex.h usability
configure:4009: gcc -c -g -O2 -fno-strict-aliasing  conftest.c >&5
configure:4015: $? = 0
configure:4019: test -z 
			 || test ! -s conftest.err
configure:4022: $? = 0
configure:4025: test -s conftest.o
configure:4028: $? = 0
configure:4038: result: yes
configure:4042: checking regex.h presence
configure:4052: gcc -E  conftest.c
configure:4058: $? = 0
configure:4078: result: yes
configure:4113: checking for regex.h
configure:4120: result: yes
configure:3997: checking arpa/nameser.h usability
configure:4009: gcc -c -g -O2 -fno-strict-aliasing  conftest.c >&5
configure:4015: $? = 0
configure:4019: test -z 
			 || test ! -s conftest.err
configure:4022: $? = 0
configure:4025: test -s conftest.o
configure:4028: $? = 0
configure:4038: result: yes
configure:4042: checking arpa/nameser.h presence
configure:4052: gcc -E  conftest.c
configure:4058: $? = 0
configure:4078: result: yes
configure:4113: checking for arpa/nameser.h
configure:4120: result: yes
configure:3997: checking dirent.h usability
configure:4009: gcc -c -g -O2 -fno-strict-aliasing  conftest.c >&5
configure:4015: $? = 0
configure:4019: test -z 
			 || test ! -s conftest.err
configure:4022: $? = 0
configure:4025: test -s conftest.o
configure:4028: $? = 0
configure:4038: result: yes
configure:4042: checking dirent.h presence
configure:4052: gcc -E  conftest.c
configure:4058: $? = 0
configure:4078: result: yes
configure:4113: checking for dirent.h
configure:4120: result: yes
configure:3997: checking sys/ndir.h usability
configure:4009: gcc -c -g -O2 -fno-strict-aliasing  conftest.c >&5
conftest.c:67:22: fatal error: sys/ndir.h: No such file or directory
 #include <sys/ndir.h>
                      ^
compilation terminated.
configure:4015: $? = 1
configure: failed program was:
| /* confdefs.h.  */
| 
| #define PACKAGE_NAME ""
| #define PACKAGE_TARNAME ""
| #define PACKAGE_VERSION ""
| #define PACKAGE_STRING ""
| #define PACKAGE_BUGREPORT ""
| #define VERSION_NUMBER "1.2.1"
| #define HAVE_CRYPT 1
| #define HAVE_DIRENT_H 1
| #define STDC_HEADERS 1
| #define HAVE_SYS_TYPES_H 1
| #define HAVE_SYS_STAT_H 1
| #define HAVE_STDLIB_H 1
| #define HAVE_STRING_H 1
| #define HAVE_MEMORY_H 1
| #define HAVE_STRINGS_H 1
| #define HAVE_INTTYPES_H 1
| #define HAVE_STDINT_H 1
| #define HAVE_UNISTD_H 1
| #define HAVE_SYS_SOCKET_H 1
| #define HAVE_SYS_TIME_H 1
| #define HAVE_SYS_FCNTL_H 1
| #define HAVE_FCNTL_H 1
| #define HAVE_SYS_FILE_H 1
| #define HAVE_NETINET_IN_H 1
| #define HAVE_NETDB_H 1
| #define HAVE_SYS_UN_H 1
| #define HAVE_REGEX_H 1
| #define HAVE_ARPA_NAMESER_H 1
| #define HAVE_DIRENT_H 1
| /* end confdefs.h.  */
| #include <stdio.h>
| #if HAVE_SYS_TYPES_H
| # include <sys/types.h>
| #endif
| #if HAVE_SYS_STAT_H
| # include <sys/stat.h>
| #endif
| #if STDC_HEADERS
| # include <stdlib.h>
| # include <stddef.h>
| #else
| # if HAVE_STDLIB_H
| #  include <stdlib.h>
| # endif
| #endif
| #if HAVE_STRING_H
| # if !STDC_HEADERS && HAVE_MEMORY_H
| #  include <memory.h>
| # endif
| # include <string.h>
| #endif
| #if HAVE_STRINGS_H
| # include <strings.h>
| #endif
| #if HAVE_INTTYPES_H
| # include <inttypes.h>
| #else
| # if HAVE_STDINT_H
| #  include <stdint.h>
| # endif
| #endif
| #if HAVE_UNISTD_H
| # include <unistd.h>
| #endif
| #include <sys/ndir.h>
configure:4038: result: no
configure:4042: checking sys/ndir.h presence
configure:4052: gcc -E  conftest.c
conftest.c:33:22: fatal error: sys/ndir.h: No such file or directory
 #include <sys/ndir.h>
                      ^
compilation terminated.
configure:4058: $? = 1
configure: failed program was:
| /* confdefs.h.  */
| 
| #define PACKAGE_NAME ""
| #define PACKAGE_TARNAME ""
| #define PACKAGE_VERSION ""
| #define PACKAGE_STRING ""
| #define PACKAGE_BUGREPORT ""
| #define VERSION_NUMBER "1.2.1"
| #define HAVE_CRYPT 1
| #define HAVE_DIRENT_H 1
| #define STDC_HEADERS 1
| #define HAVE_SYS_TYPES_H 1
| #define HAVE_SYS_STAT_H 1
| #define HAVE_STDLIB_H 1
| #define HAVE_STRING_H 1
| #define HAVE_MEMORY_H 1
| #define HAVE_STRINGS_H 1
| #define HAVE_INTTYPES_H 1
| #define HAVE_STDINT_H 1
| #define HAVE_UNISTD_H 1
| #define HAVE_SYS_SOCKET_H 1
| #define HAVE_SYS_TIME_H 1
| #define HAVE_SYS_FCNTL_H 1
| #define HAVE_FCNTL_H 1
| #define HAVE_SYS_FILE_H 1
| #define HAVE_NETINET_IN_H 1
| #define HAVE_NETDB_H 1
| #define HAVE_SYS_UN_H 1
| #define HAVE_REGEX_H 1
| #define HAVE_ARPA_NAMESER_H 1
| #define HAVE_DIRENT_H 1
| /* end confdefs.h.  */
| #include <sys/ndir.h>
configure:4078: result: no
configure:4113: checking for sys/ndir.h
configure:4120: result: no
configure:3997: checking sys/dir.h usability
configure:4009: gcc -c -g -O2 -fno-strict-aliasing  conftest.c >&5
configure:4015: $? = 0
configure:4019: test -z 
			 || test ! -s conftest.err
configure:4022: $? = 0
configure:4025: test -s conftest.o
configure:4028: $? = 0
configure:4038: result: yes
configure:4042: checking sys/dir.h presence
configure:4052: gcc -E  conftest.c
configure:4058: $? = 0
configure:4078: result: yes
configure:4113: checking for sys/dir.h
configure:4120: result: yes
configure:3997: checking ndir.h usability
configure:4009: gcc -c -g -O2 -fno-strict-aliasing  conftest.c >&5
conftest.c:68:18: fatal error: ndir.h: No such file or directory
 #include <ndir.h>
                  ^
compilation terminated.
configure:4015: $? = 1
configure: failed program was:
| /* confdefs.h.  */
| 
| #define PACKAGE_NAME ""
| #define PACKAGE_TARNAME ""
| #define PACKAGE_VERSION ""
| #define PACKAGE_STRING ""
| #define PACKAGE_BUGREPORT ""
| #define VERSION_NUMBER "1.2.1"
| #define HAVE_CRYPT 1
| #define HAVE_DIRENT_H 1
| #define STDC_HEADERS 1
| #define HAVE_SYS_TYPES_H 1
| #define HAVE_SYS_STAT_H 1
| #define HAVE_STDLIB_H 1
| #define HAVE_STRING_H 1
| #define HAVE_MEMORY_H 1
| #define HAVE_STRINGS_H 1
| #define HAVE_INTTYPES_H 1
| #define HAVE_STDINT_H 1
| #define HAVE_UNISTD_H 1
| #define HAVE_SYS_SOCKET_H 1
| #define HAVE_SYS_TIME_H 1
| #define HAVE_SYS_FCNTL_H 1
| #define HAVE_FCNTL_H 1
| #define HAVE_SYS_FILE_H 1
| #define HAVE_NETINET_IN_H 1
| #define HAVE_NETDB_H 1
| #define HAVE_SYS_UN_H 1
| #define HAVE_REGEX_H 1
| #define HAVE_ARPA_NAMESER_H 1
| #define HAVE_DIRENT_H 1
| #define HAVE_SYS_DIR_H 1
| /* end confdefs.h.  */
| #include <stdio.h>
| #if HAVE_SYS_TYPES_H
| # include <sys/types.h>
| #endif
| #if HAVE_SYS_STAT_H
| # include <sys/stat.h>
| #endif
| #if STDC_HEADERS
| # include <stdlib.h>
| # include <stddef.h>
| #else
| # if HAVE_STDLIB_H
| #  include <stdlib.h>
| # endif
| #endif
| #if HAVE_STRING_H
| # if !STDC_HEADERS && HAVE_MEMORY_H
| #  include <memory.h>
| # endif
| # include <string.h>
| #endif
| #if HAVE_STRINGS_H
| # include <strings.h>
| #endif
| #if HAVE_INTTYPES_H
| # include <inttypes.h>
| #else
| # if HAVE_STDINT_H
| #  include <stdint.h>
| # endif
| #endif
| #if HAVE_UNISTD_H
| # include <unistd.h>
| #endif
| #include <ndir.h>
configure:4038: result: no
configure:4042: checking ndir.h presence
configure:4052: gcc -E  conftest.c
conftest.c:34:18: fatal error: ndir.h: No such file or directory
 #include <ndir.h>
                  ^
compilation terminated.
configure:4058: $? = 1
configure: failed program was:
| /* confdefs.h.  */
| 
| #define PACKAGE_NAME ""
| #define PACKAGE_TARNAME ""
| #define PACKAGE_VERSION ""
| #define PACKAGE_STRING ""
| #define PACKAGE_BUGREPORT ""
| #define VERSION_NUMBER "1.2.1"
| #define HAVE_CRYPT 1
| #define HAVE_DIRENT_H 1
| #define STDC_HEADERS 1
| #define HAVE_SYS_TYPES_H 1
| #define HAVE_SYS_STAT_H 1
| #define HAVE_STDLIB_H 1
| #define HAVE_STRING_H 1
| #define HAVE_MEMORY_H 1
| #define HAVE_STRINGS_H 1
| #define HAVE_INTTYPES_H 1
| #define HAVE_STDINT_H 1
| #define HAVE_UNISTD_H 1
| #define HAVE_SYS_SOCKET_H 1
| #define HAVE_SYS_TIME_H 1
| #define HAVE_SYS_FCNTL_H 1
| #define HAVE_FCNTL_H 1
| #define HAVE_SYS_FILE_H 1
| #define HAVE_NETINET_IN_H 1
| #define HAVE_NETDB_H 1
| #define HAVE_SYS_UN_H 1
| #define HAVE_REGEX_H 1
| #define HAVE_ARPA_NAMESER_H 1
| #define HAVE_DIRENT_H 1
| #define HAVE_SYS_DIR_H 1
| /* end confdefs.h.  */
| #include <ndir.h>
configure:4078: result: no
configure:4113: checking for ndir.h
configure:4120: result: no
configure:3997: checking termios.h usability
configure:4009: gcc -c -g -O2 -fno-strict-aliasing  conftest.c >&5
configure:4015: $? = 0
configure:4019: test -z 
			 || test ! -s conftest.err
configure:4022: $? = 0
configure:4025: test -s conftest.o
configure:4028: $? = 0
configure:4038: result: yes
configure:4042: checking termios.h presence
configure:4052: gcc -E  conftest.c
configure:4058: $? = 0
configure:4078: result: yes
configure:4113: checking for termios.h
configure:4120: result: yes
configure:4138: checking for net/if.h
configure:4158: gcc -c -g -O2 -fno-strict-aliasing  conftest.c >&5
configure:4164: $? = 0
configure:4168: test -z 
			 || test ! -s conftest.err
configure:4171: $? = 0
configure:4174: test -s conftest.o
configure:4177: $? = 0
configure:4188: result: yes
configure:4205: checking for arpa/inet.h
configure:4228: gcc -c -g -O2 -fno-strict-aliasing  conftest.c >&5
configure:4234: $? = 0
configure:4238: test -z 
			 || test ! -s conftest.err
configure:4241: $? = 0
configure:4244: test -s conftest.o
configure:4247: $? = 0
configure:4258: result: yes
configure:4205: checking for resolv.h
configure:4228: gcc -c -g -O2 -fno-strict-aliasing  conftest.c >&5
configure:4234: $? = 0
configure:4238: test -z 
			 || test ! -s conftest.err
configure:4241: $? = 0
configure:4244: test -s conftest.o
configure:4247: $? = 0
configure:4258: result: yes
configure:4271: checking for stpcpy in string.h
configure:4296: result: yes
configure:4307: checking for getpgid in unistd.h
configure:4332: result: no
configure:4343: checking for killpg in signal.h
configure:4368: result: yes
configure:4379: checking for getpass in unistd.h
configure:4404: result: yes
configure:4415: checking for errno in errno.h
configure:4440: result: no
configure:4451: checking for struct linger in sys/socket.h
configure:4476: result: yes
configure:4487: checking for sun_len in sys/un.h
configure:4512: result: no
configure:4523: checking for bcopy in string.h
configure:4548: result: yes
configure:4559: checking whether strsignal is declared
configure:4585: gcc -c -g -O2 -fno-strict-aliasing  conftest.c >&5
configure:4591: $? = 0
configure:4595: test -z 
			 || test ! -s conftest.err
configure:4598: $? = 0
configure:4601: test -s conftest.o
configure:4604: $? = 0
configure:4615: result: yes
configure:4631: checking whether sys_siglist is declared
configure:4657: gcc -c -g -O2 -fno-strict-aliasing  conftest.c >&5
configure:4663: $? = 0
configure:4667: test -z 
			 || test ! -s conftest.err
configure:4670: $? = 0
configure:4673: test -s conftest.o
configure:4676: $? = 0
configure:4687: result: yes
configure:4703: checking whether _sys_siglist is declared
configure:4729: gcc -c -g -O2 -fno-strict-aliasing  conftest.c >&5
configure:4735: $? = 0
configure:4739: test -z 
			 || test ! -s conftest.err
configure:4742: $? = 0
configure:4745: test -s conftest.o
configure:4748: $? = 0
configure:4759: result: yes
configure:4779: checking for an ANSI C-conforming const
configure:4846: gcc -c -g -O2 -fno-strict-aliasing  conftest.c >&5
configure:4852: $? = 0
configure:4856: test -z 
			 || test ! -s conftest.err
configure:4859: $? = 0
configure:4862: test -s conftest.o
configure:4865: $? = 0
configure:4876: result: yes
configure:4886: checking for uid_t in sys/types.h
configure:4909: result: yes
configure:4924: checking for inline
configure:4945: gcc -c -g -O2 -fno-strict-aliasing  conftest.c >&5
configure:4951: $? = 0
configure:4955: test -z 
			 || test ! -s conftest.err
configure:4958: $? = 0
configure:4961: test -s conftest.o
configure:4964: $? = 0
configure:4976: result: inline
configure:4995: checking for mode_t
configure:5019: gcc -c -g -O2 -fno-strict-aliasing  conftest.c >&5
configure:5025: $? = 0
configure:5029: test -z 
			 || test ! -s conftest.err
configure:5032: $? = 0
configure:5035: test -s conftest.o
configure:5038: $? = 0
configure:5049: result: yes
configure:5061: checking for off_t
configure:5085: gcc -c -g -O2 -fno-strict-aliasing  conftest.c >&5
configure:5091: $? = 0
configure:5095: test -z 
			 || test ! -s conftest.err
configure:5098: $? = 0
configure:5101: test -s conftest.o
configure:5104: $? = 0
configure:5115: result: yes
configure:5127: checking for pid_t
configure:5151: gcc -c -g -O2 -fno-strict-aliasing  conftest.c >&5
configure:5157: $? = 0
configure:5161: test -z 
			 || test ! -s conftest.err
configure:5164: $? = 0
configure:5167: test -s conftest.o
configure:5170: $? = 0
configure:5181: result: yes
configure:5193: checking for size_t
configure:5217: gcc -c -g -O2 -fno-strict-aliasing  conftest.c >&5
configure:5223: $? = 0
configure:5227: test -z 
			 || test ! -s conftest.err
configure:5230: $? = 0
configure:5233: test -s conftest.o
configure:5236: $? = 0
configure:5247: result: yes
configure:5259: checking return type of signal handlers
configure:5290: gcc -c -g -O2 -fno-strict-aliasing  conftest.c >&5
configure:5296: $? = 0
configure:5300: test -z 
			 || test ! -s conftest.err
configure:5303: $? = 0
configure:5306: test -s conftest.o
configure:5309: $? = 0
configure:5320: result: void
configure:5328: checking whether time.h and sys/time.h may both be included
configure:5353: gcc -c -g -O2 -fno-strict-aliasing  conftest.c >&5
configure:5359: $? = 0
configure:5363: test -z 
			 || test ! -s conftest.err
configure:5366: $? = 0
configure:5369: test -s conftest.o
configure:5372: $? = 0
configure:5383: result: yes
configure:5394: checking for socklen_t
configure:5423: gcc -c -g -O2 -fno-strict-aliasing  conftest.c >&5
configure:5429: $? = 0
configure:5433: test -z 
			 || test ! -s conftest.err
configure:5436: $? = 0
configure:5439: test -s conftest.o
configure:5442: $? = 0
configure:5453: result: yes
configure:5465: checking for unsigned int
configure:5489: gcc -c -g -O2 -fno-strict-aliasing  conftest.c >&5
configure:5495: $? = 0
configure:5499: test -z 
			 || test ! -s conftest.err
configure:5502: $? = 0
configure:5505: test -s conftest.o
configure:5508: $? = 0
configure:5519: result: yes
configure:5522: checking size of unsigned int
configure:5841: gcc -o conftest -g -O2 -fno-strict-aliasing   conftest.c -lm -lcrypt  >&5
configure:5844: $? = 0
configure:5846: ./conftest
configure:5849: $? = 0
configure:5872: result: 4
configure:6315: checking library required for resolver functions
configure:6359: gcc -o conftest -g -O2 -fno-strict-aliasing   conftest.c  -lm -lcrypt  >&5
/tmp/ccbgn9eL.o: In function `main':
/home/marco/eclipse/github/Dockerfiles/bitchX/bitchx-1.2.1/conftest.c:107: undefined reference to `__res_mkquery'
collect2: error: ld returned 1 exit status
configure:6365: $? = 1
configure: failed program was:
| /* confdefs.h.  */
| 
| #define PACKAGE_NAME ""
| #define PACKAGE_TARNAME ""
| #define PACKAGE_VERSION ""
| #define PACKAGE_STRING ""
| #define PACKAGE_BUGREPORT ""
| #define VERSION_NUMBER "1.2.1"
| #define HAVE_CRYPT 1
| #define HAVE_DIRENT_H 1
| #define STDC_HEADERS 1
| #define HAVE_SYS_TYPES_H 1
| #define HAVE_SYS_STAT_H 1
| #define HAVE_STDLIB_H 1
| #define HAVE_STRING_H 1
| #define HAVE_MEMORY_H 1
| #define HAVE_STRINGS_H 1
| #define HAVE_INTTYPES_H 1
| #define HAVE_STDINT_H 1
| #define HAVE_UNISTD_H 1
| #define HAVE_SYS_SOCKET_H 1
| #define HAVE_SYS_TIME_H 1
| #define HAVE_SYS_FCNTL_H 1
| #define HAVE_FCNTL_H 1
| #define HAVE_SYS_FILE_H 1
| #define HAVE_NETINET_IN_H 1
| #define HAVE_NETDB_H 1
| #define HAVE_SYS_UN_H 1
| #define HAVE_REGEX_H 1
| #define HAVE_ARPA_NAMESER_H 1
| #define HAVE_DIRENT_H 1
| #define HAVE_SYS_DIR_H 1
| #define HAVE_TERMIOS_H 1
| #define HAVE_NET_IF_H 1
| #define HAVE_ARPA_INET_H 1
| #define HAVE_RESOLV_H 1
| #define STPCPY_DECLARED 1
| #define KILLPG_DECLARED 1
| #define GETPASS_DECLARED 1
| #define STRUCT_LINGER_DECLARED 1
| #define BCOPY_DECLARED 1
| #define HAVE_DECL_STRSIGNAL 1
| #define HAVE_DECL_SYS_SIGLIST 1
| #define HAVE_DECL__SYS_SIGLIST 1
| #define RETSIGTYPE void
| #define TIME_WITH_SYS_TIME 1
| #define HAVE_SOCKLEN_T 1
| #define SIZEOF_UNSIGNED_INT 4
| #define UNSIGNED_INT32 1
| /* end confdefs.h.  */
| 
| 	#if !defined( __APPLE__ )
| 	  #if !defined( BIND_4_COMPAT )
| 	    #define BIND_4_COMPAT
| 	  #endif
| 	#else
| 	  #if !defined( BIND_8_COMPAT )
| 	    #define BIND_8_COMPAT
| 	  #endif
| 	#endif
| 	#include <stdio.h>
| #if HAVE_SYS_TYPES_H
| # include <sys/types.h>
| #endif
| #if HAVE_SYS_STAT_H
| # include <sys/stat.h>
| #endif
| #if STDC_HEADERS
| # include <stdlib.h>
| # include <stddef.h>
| #else
| # if HAVE_STDLIB_H
| #  include <stdlib.h>
| # endif
| #endif
| #if HAVE_STRING_H
| # if !STDC_HEADERS && HAVE_MEMORY_H
| #  include <memory.h>
| # endif
| # include <string.h>
| #endif
| #if HAVE_STRINGS_H
| # include <strings.h>
| #endif
| #if HAVE_INTTYPES_H
| # include <inttypes.h>
| #else
| # if HAVE_STDINT_H
| #  include <stdint.h>
| # endif
| #endif
| #if HAVE_UNISTD_H
| # include <unistd.h>
| #endif
| 	#ifdef HAVE_NETINET_IN_H
| 	#include <netinet/in.h>
| 	#endif
| 	#ifdef HAVE_ARPA_NAMESER_H
| 	#include <arpa/nameser.h>
| 	#endif
| 	#ifdef HAVE_RESOLV_H
| 	#include <resolv.h>
| 	#endif
| 
| 	int main()
| 	{
| 		return res_mkquery(0, 0, 0, 0, 0, 0, 0, 0, 0);
| 	}
configure:6359: gcc -o conftest -g -O2 -fno-strict-aliasing   conftest.c -lresolv -lm -lcrypt  >&5
configure:6365: $? = 0
configure:6369: test -z 
			 || test ! -s conftest.err
configure:6372: $? = 0
configure:6375: test -s conftest
configure:6378: $? = 0
configure:6398: result: -lresolv
configure:6409: checking for the iphlpapi library
configure:6427: gcc -o conftest -g -O2 -fno-strict-aliasing   conftest.c -liphlpapi -lresolv -lm -lcrypt  >&5
conftest.c:3:22: fatal error: windows.h: No such file or directory
  #include <windows.h>
                      ^
compilation terminated.
configure:6433: $? = 1
configure: failed program was:
| 
| 	#define WIN32_LEAN_AND_MEAN
| 	#include <windows.h>
| 	#include <iphlpapi.h>
| 
| 	int main()
| 	{
| 		ULONG buflen;
| 		GetNetworkParams(0, &buflen);
| 		return buflen;
| 	}
configure:6462: result: no
configure:6476: checking for working alloca.h
configure:6497: gcc -o conftest -g -O2 -fno-strict-aliasing   conftest.c -lresolv -lm -lcrypt  >&5
configure:6503: $? = 0
configure:6507: test -z 
			 || test ! -s conftest.err
configure:6510: $? = 0
configure:6513: test -s conftest
configure:6516: $? = 0
configure:6528: result: yes
configure:6538: checking for alloca
configure:6579: gcc -o conftest -g -O2 -fno-strict-aliasing   conftest.c -lresolv -lm -lcrypt  >&5
configure:6585: $? = 0
configure:6589: test -z 
			 || test ! -s conftest.err
configure:6592: $? = 0
configure:6595: test -s conftest
configure:6598: $? = 0
configure:6610: result: yes
configure:6834: checking whether getpgrp requires zero arguments
configure:6856: gcc -c -g -O2 -fno-strict-aliasing  conftest.c >&5
conftest.c: In function 'main':
conftest.c:91:1: error: too many arguments to function 'getpgrp'
 getpgrp (0);
 ^
In file included from conftest.c:86:0:
/usr/include/unistd.h:634:16: note: declared here
 extern __pid_t getpgrp (void) __THROW;
                ^
configure:6862: $? = 1
configure: failed program was:
| /* confdefs.h.  */
| 
| #define PACKAGE_NAME ""
| #define PACKAGE_TARNAME ""
| #define PACKAGE_VERSION ""
| #define PACKAGE_STRING ""
| #define PACKAGE_BUGREPORT ""
| #define VERSION_NUMBER "1.2.1"
| #define HAVE_CRYPT 1
| #define HAVE_DIRENT_H 1
| #define STDC_HEADERS 1
| #define HAVE_SYS_TYPES_H 1
| #define HAVE_SYS_STAT_H 1
| #define HAVE_STDLIB_H 1
| #define HAVE_STRING_H 1
| #define HAVE_MEMORY_H 1
| #define HAVE_STRINGS_H 1
| #define HAVE_INTTYPES_H 1
| #define HAVE_STDINT_H 1
| #define HAVE_UNISTD_H 1
| #define HAVE_SYS_SOCKET_H 1
| #define HAVE_SYS_TIME_H 1
| #define HAVE_SYS_FCNTL_H 1
| #define HAVE_FCNTL_H 1
| #define HAVE_SYS_FILE_H 1
| #define HAVE_NETINET_IN_H 1
| #define HAVE_NETDB_H 1
| #define HAVE_SYS_UN_H 1
| #define HAVE_REGEX_H 1
| #define HAVE_ARPA_NAMESER_H 1
| #define HAVE_DIRENT_H 1
| #define HAVE_SYS_DIR_H 1
| #define HAVE_TERMIOS_H 1
| #define HAVE_NET_IF_H 1
| #define HAVE_ARPA_INET_H 1
| #define HAVE_RESOLV_H 1
| #define STPCPY_DECLARED 1
| #define KILLPG_DECLARED 1
| #define GETPASS_DECLARED 1
| #define STRUCT_LINGER_DECLARED 1
| #define BCOPY_DECLARED 1
| #define HAVE_DECL_STRSIGNAL 1
| #define HAVE_DECL_SYS_SIGLIST 1
| #define HAVE_DECL__SYS_SIGLIST 1
| #define RETSIGTYPE void
| #define TIME_WITH_SYS_TIME 1
| #define HAVE_SOCKLEN_T 1
| #define SIZEOF_UNSIGNED_INT 4
| #define UNSIGNED_INT32 1
| #define HAVE_RESOLV 1
| #define HAVE_ALLOCA_H 1
| #define HAVE_ALLOCA 1
| /* end confdefs.h.  */
| #include <stdio.h>
| #if HAVE_SYS_TYPES_H
| # include <sys/types.h>
| #endif
| #if HAVE_SYS_STAT_H
| # include <sys/stat.h>
| #endif
| #if STDC_HEADERS
| # include <stdlib.h>
| # include <stddef.h>
| #else
| # if HAVE_STDLIB_H
| #  include <stdlib.h>
| # endif
| #endif
| #if HAVE_STRING_H
| # if !STDC_HEADERS && HAVE_MEMORY_H
| #  include <memory.h>
| # endif
| # include <string.h>
| #endif
| #if HAVE_STRINGS_H
| # include <strings.h>
| #endif
| #if HAVE_INTTYPES_H
| # include <inttypes.h>
| #else
| # if HAVE_STDINT_H
| #  include <stdint.h>
| # endif
| #endif
| #if HAVE_UNISTD_H
| # include <unistd.h>
| #endif
| int
| main ()
| {
| getpgrp (0);
|   ;
|   return 0;
| }
configure:6887: result: yes
configure:6897: checking whether setpgrp takes no argument
configure:6929: gcc -o conftest -g -O2 -fno-strict-aliasing   conftest.c -lresolv -lm -lcrypt  >&5
conftest.c: In function 'main':
conftest.c:65:3: warning: incompatible implicit declaration of built-in function 'exit' [enabled by default]
   exit (setpgrp (1,1) == -1 ? 0 : 1);
   ^
conftest.c:65:3: error: too many arguments to function 'setpgrp'
In file included from conftest.c:56:0:
/usr/include/unistd.h:660:12: note: declared here
 extern int setpgrp (void) __THROW;
            ^
configure:6932: $? = 1
configure: program exited with status 1
configure: failed program was:
| /* confdefs.h.  */
| 
| #define PACKAGE_NAME ""
| #define PACKAGE_TARNAME ""
| #define PACKAGE_VERSION ""
| #define PACKAGE_STRING ""
| #define PACKAGE_BUGREPORT ""
| #define VERSION_NUMBER "1.2.1"
| #define HAVE_CRYPT 1
| #define HAVE_DIRENT_H 1
| #define STDC_HEADERS 1
| #define HAVE_SYS_TYPES_H 1
| #define HAVE_SYS_STAT_H 1
| #define HAVE_STDLIB_H 1
| #define HAVE_STRING_H 1
| #define HAVE_MEMORY_H 1
| #define HAVE_STRINGS_H 1
| #define HAVE_INTTYPES_H 1
| #define HAVE_STDINT_H 1
| #define HAVE_UNISTD_H 1
| #define HAVE_SYS_SOCKET_H 1
| #define HAVE_SYS_TIME_H 1
| #define HAVE_SYS_FCNTL_H 1
| #define HAVE_FCNTL_H 1
| #define HAVE_SYS_FILE_H 1
| #define HAVE_NETINET_IN_H 1
| #define HAVE_NETDB_H 1
| #define HAVE_SYS_UN_H 1
| #define HAVE_REGEX_H 1
| #define HAVE_ARPA_NAMESER_H 1
| #define HAVE_DIRENT_H 1
| #define HAVE_SYS_DIR_H 1
| #define HAVE_TERMIOS_H 1
| #define HAVE_NET_IF_H 1
| #define HAVE_ARPA_INET_H 1
| #define HAVE_RESOLV_H 1
| #define STPCPY_DECLARED 1
| #define KILLPG_DECLARED 1
| #define GETPASS_DECLARED 1
| #define STRUCT_LINGER_DECLARED 1
| #define BCOPY_DECLARED 1
| #define HAVE_DECL_STRSIGNAL 1
| #define HAVE_DECL_SYS_SIGLIST 1
| #define HAVE_DECL__SYS_SIGLIST 1
| #define RETSIGTYPE void
| #define TIME_WITH_SYS_TIME 1
| #define HAVE_SOCKLEN_T 1
| #define SIZEOF_UNSIGNED_INT 4
| #define UNSIGNED_INT32 1
| #define HAVE_RESOLV 1
| #define HAVE_ALLOCA_H 1
| #define HAVE_ALLOCA 1
| #define GETPGRP_VOID 1
| /* end confdefs.h.  */
| #if HAVE_UNISTD_H
| # include <unistd.h>
| #endif
| 
| int
| main ()
| {
| /* If this system has a BSD-style setpgrp which takes arguments,
|   setpgrp(1, 1) will fail with ESRCH and return -1, in that case
|   exit successfully. */
|   exit (setpgrp (1,1) == -1 ? 0 : 1);
|   ;
|   return 0;
| }
configure:6951: result: yes
configure:6966: checking for strftime
configure:7023: gcc -o conftest -g -O2 -fno-strict-aliasing   conftest.c -lresolv -lm -lcrypt  >&5
conftest.c:80:6: warning: conflicting types for built-in function 'strftime' [enabled by default]
 char strftime ();
      ^
configure:7029: $? = 0
configure:7033: test -z 
			 || test ! -s conftest.err
configure:7036: $? = 0
configure:7039: test -s conftest
configure:7042: $? = 0
configure:7054: result: yes
configure:7169: checking for socket
configure:7226: gcc -o conftest -g -O2 -fno-strict-aliasing   conftest.c -lresolv -lm -lcrypt  >&5
configure:7232: $? = 0
configure:7236: test -z 
			 || test ! -s conftest.err
configure:7239: $? = 0
configure:7242: test -s conftest
configure:7245: $? = 0
configure:7257: result: yes
configure:7169: checking for gethostname
configure:7226: gcc -o conftest -g -O2 -fno-strict-aliasing   conftest.c -lresolv -lm -lcrypt  >&5
configure:7232: $? = 0
configure:7236: test -z 
			 || test ! -s conftest.err
configure:7239: $? = 0
configure:7242: test -s conftest
configure:7245: $? = 0
configure:7257: result: yes
configure:7169: checking for gettimeofday
configure:7226: gcc -o conftest -g -O2 -fno-strict-aliasing   conftest.c -lresolv -lm -lcrypt  >&5
configure:7232: $? = 0
configure:7236: test -z 
			 || test ! -s conftest.err
configure:7239: $? = 0
configure:7242: test -s conftest
configure:7245: $? = 0
configure:7257: result: yes
configure:7169: checking for strtoul
configure:7226: gcc -o conftest -g -O2 -fno-strict-aliasing   conftest.c -lresolv -lm -lcrypt  >&5
configure:7232: $? = 0
configure:7236: test -z 
			 || test ! -s conftest.err
configure:7239: $? = 0
configure:7242: test -s conftest
configure:7245: $? = 0
configure:7257: result: yes
configure:7169: checking for strlcpy
configure:7226: gcc -o conftest -g -O2 -fno-strict-aliasing   conftest.c -lresolv -lm -lcrypt  >&5
/tmp/cc6oWYI1.o:(.data+0x0): undefined reference to `strlcpy'
/tmp/cc6oWYI1.o: In function `main':
/home/marco/eclipse/github/Dockerfiles/bitchX/bitchx-1.2.1/conftest.c:101: undefined reference to `strlcpy'
collect2: error: ld returned 1 exit status
configure:7232: $? = 1
configure: failed program was:
| /* confdefs.h.  */
| 
| #define PACKAGE_NAME ""
| #define PACKAGE_TARNAME ""
| #define PACKAGE_VERSION ""
| #define PACKAGE_STRING ""
| #define PACKAGE_BUGREPORT ""
| #define VERSION_NUMBER "1.2.1"
| #define HAVE_CRYPT 1
| #define HAVE_DIRENT_H 1
| #define STDC_HEADERS 1
| #define HAVE_SYS_TYPES_H 1
| #define HAVE_SYS_STAT_H 1
| #define HAVE_STDLIB_H 1
| #define HAVE_STRING_H 1
| #define HAVE_MEMORY_H 1
| #define HAVE_STRINGS_H 1
| #define HAVE_INTTYPES_H 1
| #define HAVE_STDINT_H 1
| #define HAVE_UNISTD_H 1
| #define HAVE_SYS_SOCKET_H 1
| #define HAVE_SYS_TIME_H 1
| #define HAVE_SYS_FCNTL_H 1
| #define HAVE_FCNTL_H 1
| #define HAVE_SYS_FILE_H 1
| #define HAVE_NETINET_IN_H 1
| #define HAVE_NETDB_H 1
| #define HAVE_SYS_UN_H 1
| #define HAVE_REGEX_H 1
| #define HAVE_ARPA_NAMESER_H 1
| #define HAVE_DIRENT_H 1
| #define HAVE_SYS_DIR_H 1
| #define HAVE_TERMIOS_H 1
| #define HAVE_NET_IF_H 1
| #define HAVE_ARPA_INET_H 1
| #define HAVE_RESOLV_H 1
| #define STPCPY_DECLARED 1
| #define KILLPG_DECLARED 1
| #define GETPASS_DECLARED 1
| #define STRUCT_LINGER_DECLARED 1
| #define BCOPY_DECLARED 1
| #define HAVE_DECL_STRSIGNAL 1
| #define HAVE_DECL_SYS_SIGLIST 1
| #define HAVE_DECL__SYS_SIGLIST 1
| #define RETSIGTYPE void
| #define TIME_WITH_SYS_TIME 1
| #define HAVE_SOCKLEN_T 1
| #define SIZEOF_UNSIGNED_INT 4
| #define UNSIGNED_INT32 1
| #define HAVE_RESOLV 1
| #define HAVE_ALLOCA_H 1
| #define HAVE_ALLOCA 1
| #define GETPGRP_VOID 1
| #define SETPGRP_VOID 1
| #define HAVE_STRFTIME 1
| #define HAVE_SOCKET 1
| #define HAVE_GETHOSTNAME 1
| #define HAVE_GETTIMEOFDAY 1
| #define HAVE_STRTOUL 1
| /* end confdefs.h.  */
| /* Define strlcpy to an innocuous variant, in case <limits.h> declares strlcpy.
|    For example, HP-UX 11i <limits.h> declares gettimeofday.  */
| #define strlcpy innocuous_strlcpy
| 
| /* System header to define __stub macros and hopefully few prototypes,
|     which can conflict with char strlcpy (); below.
|     Prefer <limits.h> to <assert.h> if __STDC__ is defined, since
|     <limits.h> exists even on freestanding compilers.  */
| 
| #ifdef __STDC__
| # include <limits.h>
| #else
| # include <assert.h>
| #endif
| 
| #undef strlcpy
| 
| /* Override any gcc2 internal prototype to avoid an error.  */
| #ifdef __cplusplus
| extern "C"
| {
| #endif
| /* We use char because int might match the return type of a gcc2
|    builtin and then its argument prototype would still apply.  */
| char strlcpy ();
| /* The GNU C library defines this for functions which it implements
|     to always fail with ENOSYS.  Some functions are actually named
|     something starting with __ and the normal name is an alias.  */
| #if defined (__stub_strlcpy) || defined (__stub___strlcpy)
| choke me
| #else
| char (*f) () = strlcpy;
| #endif
| #ifdef __cplusplus
| }
| #endif
| 
| int
| main ()
| {
| return f != strlcpy;
|   ;
|   return 0;
| }
configure:7257: result: no
configure:7169: checking for strlcat
configure:7226: gcc -o conftest -g -O2 -fno-strict-aliasing   conftest.c -lresolv -lm -lcrypt  >&5
/tmp/ccGP7lE9.o:(.data+0x0): undefined reference to `strlcat'
/tmp/ccGP7lE9.o: In function `main':
/home/marco/eclipse/github/Dockerfiles/bitchX/bitchx-1.2.1/conftest.c:101: undefined reference to `strlcat'
collect2: error: ld returned 1 exit status
configure:7232: $? = 1
configure: failed program was:
| /* confdefs.h.  */
| 
| #define PACKAGE_NAME ""
| #define PACKAGE_TARNAME ""
| #define PACKAGE_VERSION ""
| #define PACKAGE_STRING ""
| #define PACKAGE_BUGREPORT ""
| #define VERSION_NUMBER "1.2.1"
| #define HAVE_CRYPT 1
| #define HAVE_DIRENT_H 1
| #define STDC_HEADERS 1
| #define HAVE_SYS_TYPES_H 1
| #define HAVE_SYS_STAT_H 1
| #define HAVE_STDLIB_H 1
| #define HAVE_STRING_H 1
| #define HAVE_MEMORY_H 1
| #define HAVE_STRINGS_H 1
| #define HAVE_INTTYPES_H 1
| #define HAVE_STDINT_H 1
| #define HAVE_UNISTD_H 1
| #define HAVE_SYS_SOCKET_H 1
| #define HAVE_SYS_TIME_H 1
| #define HAVE_SYS_FCNTL_H 1
| #define HAVE_FCNTL_H 1
| #define HAVE_SYS_FILE_H 1
| #define HAVE_NETINET_IN_H 1
| #define HAVE_NETDB_H 1
| #define HAVE_SYS_UN_H 1
| #define HAVE_REGEX_H 1
| #define HAVE_ARPA_NAMESER_H 1
| #define HAVE_DIRENT_H 1
| #define HAVE_SYS_DIR_H 1
| #define HAVE_TERMIOS_H 1
| #define HAVE_NET_IF_H 1
| #define HAVE_ARPA_INET_H 1
| #define HAVE_RESOLV_H 1
| #define STPCPY_DECLARED 1
| #define KILLPG_DECLARED 1
| #define GETPASS_DECLARED 1
| #define STRUCT_LINGER_DECLARED 1
| #define BCOPY_DECLARED 1
| #define HAVE_DECL_STRSIGNAL 1
| #define HAVE_DECL_SYS_SIGLIST 1
| #define HAVE_DECL__SYS_SIGLIST 1
| #define RETSIGTYPE void
| #define TIME_WITH_SYS_TIME 1
| #define HAVE_SOCKLEN_T 1
| #define SIZEOF_UNSIGNED_INT 4
| #define UNSIGNED_INT32 1
| #define HAVE_RESOLV 1
| #define HAVE_ALLOCA_H 1
| #define HAVE_ALLOCA 1
| #define GETPGRP_VOID 1
| #define SETPGRP_VOID 1
| #define HAVE_STRFTIME 1
| #define HAVE_SOCKET 1
| #define HAVE_GETHOSTNAME 1
| #define HAVE_GETTIMEOFDAY 1
| #define HAVE_STRTOUL 1
| /* end confdefs.h.  */
| /* Define strlcat to an innocuous variant, in case <limits.h> declares strlcat.
|    For example, HP-UX 11i <limits.h> declares gettimeofday.  */
| #define strlcat innocuous_strlcat
| 
| /* System header to define __stub macros and hopefully few prototypes,
|     which can conflict with char strlcat (); below.
|     Prefer <limits.h> to <assert.h> if __STDC__ is defined, since
|     <limits.h> exists even on freestanding compilers.  */
| 
| #ifdef __STDC__
| # include <limits.h>
| #else
| # include <assert.h>
| #endif
| 
| #undef strlcat
| 
| /* Override any gcc2 internal prototype to avoid an error.  */
| #ifdef __cplusplus
| extern "C"
| {
| #endif
| /* We use char because int might match the return type of a gcc2
|    builtin and then its argument prototype would still apply.  */
| char strlcat ();
| /* The GNU C library defines this for functions which it implements
|     to always fail with ENOSYS.  Some functions are actually named
|     something starting with __ and the normal name is an alias.  */
| #if defined (__stub_strlcat) || defined (__stub___strlcat)
| choke me
| #else
| char (*f) () = strlcat;
| #endif
| #ifdef __cplusplus
| }
| #endif
| 
| int
| main ()
| {
| return f != strlcat;
|   ;
|   return 0;
| }
configure:7257: result: no
configure:7169: checking for stpcpy
configure:7226: gcc -o conftest -g -O2 -fno-strict-aliasing   conftest.c -lresolv -lm -lcrypt  >&5
conftest.c:85:6: warning: conflicting types for built-in function 'stpcpy' [enabled by default]
 char stpcpy ();
      ^
configure:7232: $? = 0
configure:7236: test -z 
			 || test ! -s conftest.err
configure:7239: $? = 0
configure:7242: test -s conftest
configure:7245: $? = 0
configure:7257: result: yes
configure:7169: checking for vsnprintf
configure:7226: gcc -o conftest -g -O2 -fno-strict-aliasing   conftest.c -lresolv -lm -lcrypt  >&5
conftest.c:86:6: warning: conflicting types for built-in function 'vsnprintf' [enabled by default]
 char vsnprintf ();
      ^
configure:7232: $? = 0
configure:7236: test -z 
			 || test ! -s conftest.err
configure:7239: $? = 0
configure:7242: test -s conftest
configure:7245: $? = 0
configure:7257: result: yes
configure:7169: checking for snprintf
configure:7226: gcc -o conftest -g -O2 -fno-strict-aliasing   conftest.c -lresolv -lm -lcrypt  >&5
conftest.c:87:6: warning: conflicting types for built-in function 'snprintf' [enabled by default]
 char snprintf ();
      ^
configure:7232: $? = 0
configure:7236: test -z 
			 || test ! -s conftest.err
configure:7239: $? = 0
configure:7242: test -s conftest
configure:7245: $? = 0
configure:7257: result: yes
configure:7169: checking for setsid
configure:7226: gcc -o conftest -g -O2 -fno-strict-aliasing   conftest.c -lresolv -lm -lcrypt  >&5
configure:7232: $? = 0
configure:7236: test -z 
			 || test ! -s conftest.err
configure:7239: $? = 0
configure:7242: test -s conftest
configure:7245: $? = 0
configure:7257: result: yes
configure:7169: checking for strerror
configure:7226: gcc -o conftest -g -O2 -fno-strict-aliasing   conftest.c -lresolv -lm -lcrypt  >&5
configure:7232: $? = 0
configure:7236: test -z 
			 || test ! -s conftest.err
configure:7239: $? = 0
configure:7242: test -s conftest
configure:7245: $? = 0
configure:7257: result: yes
configure:7169: checking for uname
configure:7226: gcc -o conftest -g -O2 -fno-strict-aliasing   conftest.c -lresolv -lm -lcrypt  >&5
configure:7232: $? = 0
configure:7236: test -z 
			 || test ! -s conftest.err
configure:7239: $? = 0
configure:7242: test -s conftest
configure:7245: $? = 0
configure:7257: result: yes
configure:7169: checking for getrusage
configure:7226: gcc -o conftest -g -O2 -fno-strict-aliasing   conftest.c -lresolv -lm -lcrypt  >&5
configure:7232: $? = 0
configure:7236: test -z 
			 || test ! -s conftest.err
configure:7239: $? = 0
configure:7242: test -s conftest
configure:7245: $? = 0
configure:7257: result: yes
configure:7169: checking for sysconf
configure:7226: gcc -o conftest -g -O2 -fno-strict-aliasing   conftest.c -lresolv -lm -lcrypt  >&5
configure:7232: $? = 0
configure:7236: test -z 
			 || test ! -s conftest.err
configure:7239: $? = 0
configure:7242: test -s conftest
configure:7245: $? = 0
configure:7257: result: yes
configure:7169: checking for getpgid
configure:7226: gcc -o conftest -g -O2 -fno-strict-aliasing   conftest.c -lresolv -lm -lcrypt  >&5
configure:7232: $? = 0
configure:7236: test -z 
			 || test ! -s conftest.err
configure:7239: $? = 0
configure:7242: test -s conftest
configure:7245: $? = 0
configure:7257: result: yes
configure:7169: checking for killpg
configure:7226: gcc -o conftest -g -O2 -fno-strict-aliasing   conftest.c -lresolv -lm -lcrypt  >&5
configure:7232: $? = 0
configure:7236: test -z 
			 || test ! -s conftest.err
configure:7239: $? = 0
configure:7242: test -s conftest
configure:7245: $? = 0
configure:7257: result: yes
configure:7169: checking for getlogin
configure:7226: gcc -o conftest -g -O2 -fno-strict-aliasing   conftest.c -lresolv -lm -lcrypt  >&5
configure:7232: $? = 0
configure:7236: test -z 
			 || test ! -s conftest.err
configure:7239: $? = 0
configure:7242: test -s conftest
configure:7245: $? = 0
configure:7257: result: yes
configure:7169: checking for realpath
configure:7226: gcc -o conftest -g -O2 -fno-strict-aliasing   conftest.c -lresolv -lm -lcrypt  >&5
configure:7232: $? = 0
configure:7236: test -z 
			 || test ! -s conftest.err
configure:7239: $? = 0
configure:7242: test -s conftest
configure:7245: $? = 0
configure:7257: result: yes
configure:7169: checking for fchdir
configure:7226: gcc -o conftest -g -O2 -fno-strict-aliasing   conftest.c -lresolv -lm -lcrypt  >&5
configure:7232: $? = 0
configure:7236: test -z 
			 || test ! -s conftest.err
configure:7239: $? = 0
configure:7242: test -s conftest
configure:7245: $? = 0
configure:7257: result: yes
configure:7169: checking for getpass
configure:7226: gcc -o conftest -g -O2 -fno-strict-aliasing   conftest.c -lresolv -lm -lcrypt  >&5
configure:7232: $? = 0
configure:7236: test -z 
			 || test ! -s conftest.err
configure:7239: $? = 0
configure:7242: test -s conftest
configure:7245: $? = 0
configure:7257: result: yes
configure:7169: checking for fpathconf
configure:7226: gcc -o conftest -g -O2 -fno-strict-aliasing   conftest.c -lresolv -lm -lcrypt  >&5
configure:7232: $? = 0
configure:7236: test -z 
			 || test ! -s conftest.err
configure:7239: $? = 0
configure:7242: test -s conftest
configure:7245: $? = 0
configure:7257: result: yes
configure:7169: checking for getpwent
configure:7226: gcc -o conftest -g -O2 -fno-strict-aliasing   conftest.c -lresolv -lm -lcrypt  >&5
configure:7232: $? = 0
configure:7236: test -z 
			 || test ! -s conftest.err
configure:7239: $? = 0
configure:7242: test -s conftest
configure:7245: $? = 0
configure:7257: result: yes
configure:7169: checking for setvbuf
configure:7226: gcc -o conftest -g -O2 -fno-strict-aliasing   conftest.c -lresolv -lm -lcrypt  >&5
configure:7232: $? = 0
configure:7236: test -z 
			 || test ! -s conftest.err
configure:7239: $? = 0
configure:7242: test -s conftest
configure:7245: $? = 0
configure:7257: result: yes
configure:7169: checking for select
configure:7226: gcc -o conftest -g -O2 -fno-strict-aliasing   conftest.c -lresolv -lm -lcrypt  >&5
configure:7232: $? = 0
configure:7236: test -z 
			 || test ! -s conftest.err
configure:7239: $? = 0
configure:7242: test -s conftest
configure:7245: $? = 0
configure:7257: result: yes
configure:7169: checking for mkstemp
configure:7226: gcc -o conftest -g -O2 -fno-strict-aliasing   conftest.c -lresolv -lm -lcrypt  >&5
configure:7232: $? = 0
configure:7236: test -z 
			 || test ! -s conftest.err
configure:7239: $? = 0
configure:7242: test -s conftest
configure:7245: $? = 0
configure:7257: result: yes
configure:7169: checking for memmove
configure:7226: gcc -o conftest -g -O2 -fno-strict-aliasing   conftest.c -lresolv -lm -lcrypt  >&5
conftest.c:104:6: warning: conflicting types for built-in function 'memmove' [enabled by default]
 char memmove ();
      ^
configure:7232: $? = 0
configure:7236: test -z 
			 || test ! -s conftest.err
configure:7239: $? = 0
configure:7242: test -s conftest
configure:7245: $? = 0
configure:7257: result: yes
configure:7169: checking for scandir
configure:7226: gcc -o conftest -g -O2 -fno-strict-aliasing   conftest.c -lresolv -lm -lcrypt  >&5
configure:7232: $? = 0
configure:7236: test -z 
			 || test ! -s conftest.err
configure:7239: $? = 0
configure:7242: test -s conftest
configure:7245: $? = 0
configure:7257: result: yes
configure:7169: checking for setenv
configure:7226: gcc -o conftest -g -O2 -fno-strict-aliasing   conftest.c -lresolv -lm -lcrypt  >&5
configure:7232: $? = 0
configure:7236: test -z 
			 || test ! -s conftest.err
configure:7239: $? = 0
configure:7242: test -s conftest
configure:7245: $? = 0
configure:7257: result: yes
configure:7267: checking for gethostbyname
configure:7324: gcc -o conftest -g -O2 -fno-strict-aliasing   conftest.c -lresolv -lm -lcrypt  >&5
configure:7330: $? = 0
configure:7334: test -z 
			 || test ! -s conftest.err
configure:7337: $? = 0
configure:7340: test -s conftest
configure:7343: $? = 0
configure:7355: result: yes
configure:7430: checking for connect
configure:7487: gcc -o conftest -g -O2 -fno-strict-aliasing   conftest.c -lresolv -lm -lcrypt  >&5
configure:7493: $? = 0
configure:7497: test -z 
			 || test ! -s conftest.err
configure:7500: $? = 0
configure:7503: test -s conftest
configure:7506: $? = 0
configure:7518: result: yes
configure:7593: checking for inet_aton
configure:7650: gcc -o conftest -g -O2 -fno-strict-aliasing   conftest.c -lresolv -lm -lcrypt  >&5
configure:7656: $? = 0
configure:7660: test -z 
			 || test ! -s conftest.err
configure:7663: $? = 0
configure:7666: test -s conftest
configure:7669: $? = 0
configure:7681: result: yes
configure:7766: checking for function prototypes
configure:7769: result: yes
configure:7786: checking whether setvbuf arguments are reversed
configure:7811: gcc -o conftest -g -O2 -fno-strict-aliasing   conftest.c -lresolv -lm -lcrypt  >&5
conftest.c:88:10: error: conflicting types for 'setvbuf'
     int (setvbuf) (FILE *, int, char *, size_t);
          ^
In file included from conftest.c:86:0:
/usr/include/stdio.h:336:12: note: previous declaration of 'setvbuf' was here
 extern int setvbuf (FILE *__restrict __stream, char *__restrict __buf,
            ^
configure:7817: $? = 1
configure: failed program was:
| /* confdefs.h.  */
| 
| #define PACKAGE_NAME ""
| #define PACKAGE_TARNAME ""
| #define PACKAGE_VERSION ""
| #define PACKAGE_STRING ""
| #define PACKAGE_BUGREPORT ""
| #define VERSION_NUMBER "1.2.1"
| #define HAVE_CRYPT 1
| #define HAVE_DIRENT_H 1
| #define STDC_HEADERS 1
| #define HAVE_SYS_TYPES_H 1
| #define HAVE_SYS_STAT_H 1
| #define HAVE_STDLIB_H 1
| #define HAVE_STRING_H 1
| #define HAVE_MEMORY_H 1
| #define HAVE_STRINGS_H 1
| #define HAVE_INTTYPES_H 1
| #define HAVE_STDINT_H 1
| #define HAVE_UNISTD_H 1
| #define HAVE_SYS_SOCKET_H 1
| #define HAVE_SYS_TIME_H 1
| #define HAVE_SYS_FCNTL_H 1
| #define HAVE_FCNTL_H 1
| #define HAVE_SYS_FILE_H 1
| #define HAVE_NETINET_IN_H 1
| #define HAVE_NETDB_H 1
| #define HAVE_SYS_UN_H 1
| #define HAVE_REGEX_H 1
| #define HAVE_ARPA_NAMESER_H 1
| #define HAVE_DIRENT_H 1
| #define HAVE_SYS_DIR_H 1
| #define HAVE_TERMIOS_H 1
| #define HAVE_NET_IF_H 1
| #define HAVE_ARPA_INET_H 1
| #define HAVE_RESOLV_H 1
| #define STPCPY_DECLARED 1
| #define KILLPG_DECLARED 1
| #define GETPASS_DECLARED 1
| #define STRUCT_LINGER_DECLARED 1
| #define BCOPY_DECLARED 1
| #define HAVE_DECL_STRSIGNAL 1
| #define HAVE_DECL_SYS_SIGLIST 1
| #define HAVE_DECL__SYS_SIGLIST 1
| #define RETSIGTYPE void
| #define TIME_WITH_SYS_TIME 1
| #define HAVE_SOCKLEN_T 1
| #define SIZEOF_UNSIGNED_INT 4
| #define UNSIGNED_INT32 1
| #define HAVE_RESOLV 1
| #define HAVE_ALLOCA_H 1
| #define HAVE_ALLOCA 1
| #define GETPGRP_VOID 1
| #define SETPGRP_VOID 1
| #define HAVE_STRFTIME 1
| #define HAVE_SOCKET 1
| #define HAVE_GETHOSTNAME 1
| #define HAVE_GETTIMEOFDAY 1
| #define HAVE_STRTOUL 1
| #define HAVE_STPCPY 1
| #define HAVE_VSNPRINTF 1
| #define HAVE_SNPRINTF 1
| #define HAVE_SETSID 1
| #define HAVE_STRERROR 1
| #define HAVE_UNAME 1
| #define HAVE_GETRUSAGE 1
| #define HAVE_SYSCONF 1
| #define HAVE_GETPGID 1
| #define HAVE_KILLPG 1
| #define HAVE_GETLOGIN 1
| #define HAVE_REALPATH 1
| #define HAVE_FCHDIR 1
| #define HAVE_GETPASS 1
| #define HAVE_FPATHCONF 1
| #define HAVE_GETPWENT 1
| #define HAVE_SETVBUF 1
| #define HAVE_SELECT 1
| #define HAVE_MKSTEMP 1
| #define HAVE_MEMMOVE 1
| #define HAVE_SCANDIR 1
| #define HAVE_SETENV 1
| #define HAVE_INET_ATON 1
| #define PROTOTYPES 1
| #define __PROTOTYPES 1
| /* end confdefs.h.  */
| #include <stdio.h>
| #	  if PROTOTYPES
| 	   int (setvbuf) (FILE *, int, char *, size_t);
| #	  endif
| int
| main ()
| {
| char buf; return setvbuf (stdout, _IOLBF, &buf, 1);
|   ;
|   return 0;
| }
configure:7938: result: no
configure:7954: checking for non-blocking type
configure:8007: gcc -o conftest -g -O2 -fno-strict-aliasing   conftest.c -lresolv -lm -lcrypt  >&5
conftest.c: In function 'alarmed':
conftest.c:98:2: warning: incompatible implicit declaration of built-in function 'exit' [enabled by default]
  exit(1);
  ^
conftest.c: In function 'main':
conftest.c:112:3: warning: incompatible implicit declaration of built-in function 'exit' [enabled by default]
   exit(0);
   ^
conftest.c:114:2: warning: incompatible implicit declaration of built-in function 'exit' [enabled by default]
  exit(1);
  ^
configure:8010: $? = 0
configure:8012: ./conftest
configure:8015: $? = 0
configure:8095: result: posix
configure:8138: checking for a list of signal names
configure:8211: result: sys_siglist
configure:8218: checking whether to enable GTK support
configure:9918: result: no
configure:9923: checking whether to enable Win32 GUI support
configure:9945: result: no
configure:9953: checking whether to enable OS/2 PM support
configure:9980: result: no
configure:9985: checking whether to enable sound support
configure:10594: result: no
configure:10599: checking whether to enable SSL support
configure:10616: result: if available
configure:10634: checking for SSLeay in -lcrypto
configure:10664: gcc -o conftest -g -O2 -fno-strict-aliasing   conftest.c -lcrypto  -lresolv -lm -lcrypt  >&5
configure:10670: $? = 0
configure:10674: test -z 
			 || test ! -s conftest.err
configure:10677: $? = 0
configure:10680: test -s conftest
configure:10683: $? = 0
configure:10696: result: yes
configure:10709: checking for SSL_accept in -lssl
configure:10739: gcc -o conftest -g -O2 -fno-strict-aliasing   conftest.c -lssl  -lcrypto -lresolv -lm -lcrypt  >&5
configure:10745: $? = 0
configure:10749: test -z 
			 || test ! -s conftest.err
configure:10752: $? = 0
configure:10755: test -s conftest
configure:10758: $? = 0
configure:10771: result: yes
configure:10833: checking whether to use use termcap in preference to terminfo
configure:10972: result: no
configure:10974: checking for library containing setupterm
configure:11004: gcc -o conftest -g -O2 -fno-strict-aliasing   conftest.c -lssl -lcrypto -lresolv -lm -lcrypt  >&5
/tmp/ccViwBxE.o: In function `main':
/home/marco/eclipse/github/Dockerfiles/bitchX/bitchx-1.2.1/conftest.c:103: undefined reference to `setupterm'
collect2: error: ld returned 1 exit status
configure:11010: $? = 1
configure: failed program was:
| /* confdefs.h.  */
| 
| #define PACKAGE_NAME ""
| #define PACKAGE_TARNAME ""
| #define PACKAGE_VERSION ""
| #define PACKAGE_STRING ""
| #define PACKAGE_BUGREPORT ""
| #define VERSION_NUMBER "1.2.1"
| #define HAVE_CRYPT 1
| #define HAVE_DIRENT_H 1
| #define STDC_HEADERS 1
| #define HAVE_SYS_TYPES_H 1
| #define HAVE_SYS_STAT_H 1
| #define HAVE_STDLIB_H 1
| #define HAVE_STRING_H 1
| #define HAVE_MEMORY_H 1
| #define HAVE_STRINGS_H 1
| #define HAVE_INTTYPES_H 1
| #define HAVE_STDINT_H 1
| #define HAVE_UNISTD_H 1
| #define HAVE_SYS_SOCKET_H 1
| #define HAVE_SYS_TIME_H 1
| #define HAVE_SYS_FCNTL_H 1
| #define HAVE_FCNTL_H 1
| #define HAVE_SYS_FILE_H 1
| #define HAVE_NETINET_IN_H 1
| #define HAVE_NETDB_H 1
| #define HAVE_SYS_UN_H 1
| #define HAVE_REGEX_H 1
| #define HAVE_ARPA_NAMESER_H 1
| #define HAVE_DIRENT_H 1
| #define HAVE_SYS_DIR_H 1
| #define HAVE_TERMIOS_H 1
| #define HAVE_NET_IF_H 1
| #define HAVE_ARPA_INET_H 1
| #define HAVE_RESOLV_H 1
| #define STPCPY_DECLARED 1
| #define KILLPG_DECLARED 1
| #define GETPASS_DECLARED 1
| #define STRUCT_LINGER_DECLARED 1
| #define BCOPY_DECLARED 1
| #define HAVE_DECL_STRSIGNAL 1
| #define HAVE_DECL_SYS_SIGLIST 1
| #define HAVE_DECL__SYS_SIGLIST 1
| #define RETSIGTYPE void
| #define TIME_WITH_SYS_TIME 1
| #define HAVE_SOCKLEN_T 1
| #define SIZEOF_UNSIGNED_INT 4
| #define UNSIGNED_INT32 1
| #define HAVE_RESOLV 1
| #define HAVE_ALLOCA_H 1
| #define HAVE_ALLOCA 1
| #define GETPGRP_VOID 1
| #define SETPGRP_VOID 1
| #define HAVE_STRFTIME 1
| #define HAVE_SOCKET 1
| #define HAVE_GETHOSTNAME 1
| #define HAVE_GETTIMEOFDAY 1
| #define HAVE_STRTOUL 1
| #define HAVE_STPCPY 1
| #define HAVE_VSNPRINTF 1
| #define HAVE_SNPRINTF 1
| #define HAVE_SETSID 1
| #define HAVE_STRERROR 1
| #define HAVE_UNAME 1
| #define HAVE_GETRUSAGE 1
| #define HAVE_SYSCONF 1
| #define HAVE_GETPGID 1
| #define HAVE_KILLPG 1
| #define HAVE_GETLOGIN 1
| #define HAVE_REALPATH 1
| #define HAVE_FCHDIR 1
| #define HAVE_GETPASS 1
| #define HAVE_FPATHCONF 1
| #define HAVE_GETPWENT 1
| #define HAVE_SETVBUF 1
| #define HAVE_SELECT 1
| #define HAVE_MKSTEMP 1
| #define HAVE_MEMMOVE 1
| #define HAVE_SCANDIR 1
| #define HAVE_SETENV 1
| #define HAVE_INET_ATON 1
| #define PROTOTYPES 1
| #define __PROTOTYPES 1
| #define NBLOCK_POSIX 1
| #define HAVE_LIBCRYPTO 1
| #define HAVE_LIBSSL 1
| #define HAVE_SSL 1
| #define VERSION "BitchX-1.2.1"
| #define _VERSION_ "BitchX"
| /* end confdefs.h.  */
| 
| /* Override any gcc2 internal prototype to avoid an error.  */
| #ifdef __cplusplus
| extern "C"
| #endif
| /* We use char because int might match the return type of a gcc2
|    builtin and then its argument prototype would still apply.  */
| char setupterm ();
| int
| main ()
| {
| setupterm ();
|   ;
|   return 0;
| }
configure:11059: gcc -o conftest -g -O2 -fno-strict-aliasing   conftest.c -ltinfo  -lssl -lcrypto -lresolv -lm -lcrypt  >&5
configure:11065: $? = 0
configure:11069: test -z 
			 || test ! -s conftest.err
configure:11072: $? = 0
configure:11075: test -s conftest
configure:11078: $? = 0
configure:11093: result: -ltinfo
configure:11242: checking for tparm
configure:11299: gcc -o conftest -g -O2 -fno-strict-aliasing   conftest.c -ltinfo -lssl -lcrypto -lresolv -lm -lcrypt  >&5
configure:11305: $? = 0
configure:11309: test -z 
			 || test ! -s conftest.err
configure:11312: $? = 0
configure:11315: test -s conftest
configure:11318: $? = 0
configure:11330: result: yes
configure:11356: checking ncurses.h usability
configure:11368: gcc -c -g -O2 -fno-strict-aliasing  conftest.c >&5
configure:11374: $? = 0
configure:11378: test -z 
			 || test ! -s conftest.err
configure:11381: $? = 0
configure:11384: test -s conftest.o
configure:11387: $? = 0
configure:11397: result: yes
configure:11401: checking ncurses.h presence
configure:11411: gcc -E  conftest.c
configure:11417: $? = 0
configure:11437: result: yes
configure:11472: checking for ncurses.h
configure:11479: result: yes
configure:11499: checking for ncurses/termcap.h
configure:11522: gcc -c -g -O2 -fno-strict-aliasing  conftest.c >&5
conftest.c:104:29: fatal error: ncurses/termcap.h: No such file or directory
 #include <ncurses/termcap.h>
                             ^
compilation terminated.
configure:11528: $? = 1
configure: failed program was:
| /* confdefs.h.  */
| 
| #define PACKAGE_NAME ""
| #define PACKAGE_TARNAME ""
| #define PACKAGE_VERSION ""
| #define PACKAGE_STRING ""
| #define PACKAGE_BUGREPORT ""
| #define VERSION_NUMBER "1.2.1"
| #define HAVE_CRYPT 1
| #define HAVE_DIRENT_H 1
| #define STDC_HEADERS 1
| #define HAVE_SYS_TYPES_H 1
| #define HAVE_SYS_STAT_H 1
| #define HAVE_STDLIB_H 1
| #define HAVE_STRING_H 1
| #define HAVE_MEMORY_H 1
| #define HAVE_STRINGS_H 1
| #define HAVE_INTTYPES_H 1
| #define HAVE_STDINT_H 1
| #define HAVE_UNISTD_H 1
| #define HAVE_SYS_SOCKET_H 1
| #define HAVE_SYS_TIME_H 1
| #define HAVE_SYS_FCNTL_H 1
| #define HAVE_FCNTL_H 1
| #define HAVE_SYS_FILE_H 1
| #define HAVE_NETINET_IN_H 1
| #define HAVE_NETDB_H 1
| #define HAVE_SYS_UN_H 1
| #define HAVE_REGEX_H 1
| #define HAVE_ARPA_NAMESER_H 1
| #define HAVE_DIRENT_H 1
| #define HAVE_SYS_DIR_H 1
| #define HAVE_TERMIOS_H 1
| #define HAVE_NET_IF_H 1
| #define HAVE_ARPA_INET_H 1
| #define HAVE_RESOLV_H 1
| #define STPCPY_DECLARED 1
| #define KILLPG_DECLARED 1
| #define GETPASS_DECLARED 1
| #define STRUCT_LINGER_DECLARED 1
| #define BCOPY_DECLARED 1
| #define HAVE_DECL_STRSIGNAL 1
| #define HAVE_DECL_SYS_SIGLIST 1
| #define HAVE_DECL__SYS_SIGLIST 1
| #define RETSIGTYPE void
| #define TIME_WITH_SYS_TIME 1
| #define HAVE_SOCKLEN_T 1
| #define SIZEOF_UNSIGNED_INT 4
| #define UNSIGNED_INT32 1
| #define HAVE_RESOLV 1
| #define HAVE_ALLOCA_H 1
| #define HAVE_ALLOCA 1
| #define GETPGRP_VOID 1
| #define SETPGRP_VOID 1
| #define HAVE_STRFTIME 1
| #define HAVE_SOCKET 1
| #define HAVE_GETHOSTNAME 1
| #define HAVE_GETTIMEOFDAY 1
| #define HAVE_STRTOUL 1
| #define HAVE_STPCPY 1
| #define HAVE_VSNPRINTF 1
| #define HAVE_SNPRINTF 1
| #define HAVE_SETSID 1
| #define HAVE_STRERROR 1
| #define HAVE_UNAME 1
| #define HAVE_GETRUSAGE 1
| #define HAVE_SYSCONF 1
| #define HAVE_GETPGID 1
| #define HAVE_KILLPG 1
| #define HAVE_GETLOGIN 1
| #define HAVE_REALPATH 1
| #define HAVE_FCHDIR 1
| #define HAVE_GETPASS 1
| #define HAVE_FPATHCONF 1
| #define HAVE_GETPWENT 1
| #define HAVE_SETVBUF 1
| #define HAVE_SELECT 1
| #define HAVE_MKSTEMP 1
| #define HAVE_MEMMOVE 1
| #define HAVE_SCANDIR 1
| #define HAVE_SETENV 1
| #define HAVE_INET_ATON 1
| #define PROTOTYPES 1
| #define __PROTOTYPES 1
| #define NBLOCK_POSIX 1
| #define HAVE_LIBCRYPTO 1
| #define HAVE_LIBSSL 1
| #define HAVE_SSL 1
| #define VERSION "BitchX-1.2.1"
| #define _VERSION_ "BitchX"
| #define HAVE_TERMINFO 1
| #define HAVE_TPARM 1
| #define HAVE_NCURSES_H 1
| /* end confdefs.h.  */
| #if defined(HAVE_NCURSES_H)
|       #include <ncurses.h>
|       #elif defined(HAVE_NCURSES_NCURSES_H)
|       #include <ncurses/ncurses.h>
|       #elif defined(HAVE_CURSES_H)
|       #include <curses.h>
|       #endif
| 
| 
| #include <ncurses/termcap.h>
configure:11552: result: no
configure:11499: checking for termcap.h
configure:11522: gcc -c -g -O2 -fno-strict-aliasing  conftest.c >&5
configure:11528: $? = 0
configure:11532: test -z 
			 || test ! -s conftest.err
configure:11535: $? = 0
configure:11538: test -s conftest.o
configure:11541: $? = 0
configure:11552: result: yes
configure:11499: checking for ncurses/term.h
configure:11522: gcc -c -g -O2 -fno-strict-aliasing  conftest.c >&5
conftest.c:105:26: fatal error: ncurses/term.h: No such file or directory
 #include <ncurses/term.h>
                          ^
compilation terminated.
configure:11528: $? = 1
configure: failed program was:
| /* confdefs.h.  */
| 
| #define PACKAGE_NAME ""
| #define PACKAGE_TARNAME ""
| #define PACKAGE_VERSION ""
| #define PACKAGE_STRING ""
| #define PACKAGE_BUGREPORT ""
| #define VERSION_NUMBER "1.2.1"
| #define HAVE_CRYPT 1
| #define HAVE_DIRENT_H 1
| #define STDC_HEADERS 1
| #define HAVE_SYS_TYPES_H 1
| #define HAVE_SYS_STAT_H 1
| #define HAVE_STDLIB_H 1
| #define HAVE_STRING_H 1
| #define HAVE_MEMORY_H 1
| #define HAVE_STRINGS_H 1
| #define HAVE_INTTYPES_H 1
| #define HAVE_STDINT_H 1
| #define HAVE_UNISTD_H 1
| #define HAVE_SYS_SOCKET_H 1
| #define HAVE_SYS_TIME_H 1
| #define HAVE_SYS_FCNTL_H 1
| #define HAVE_FCNTL_H 1
| #define HAVE_SYS_FILE_H 1
| #define HAVE_NETINET_IN_H 1
| #define HAVE_NETDB_H 1
| #define HAVE_SYS_UN_H 1
| #define HAVE_REGEX_H 1
| #define HAVE_ARPA_NAMESER_H 1
| #define HAVE_DIRENT_H 1
| #define HAVE_SYS_DIR_H 1
| #define HAVE_TERMIOS_H 1
| #define HAVE_NET_IF_H 1
| #define HAVE_ARPA_INET_H 1
| #define HAVE_RESOLV_H 1
| #define STPCPY_DECLARED 1
| #define KILLPG_DECLARED 1
| #define GETPASS_DECLARED 1
| #define STRUCT_LINGER_DECLARED 1
| #define BCOPY_DECLARED 1
| #define HAVE_DECL_STRSIGNAL 1
| #define HAVE_DECL_SYS_SIGLIST 1
| #define HAVE_DECL__SYS_SIGLIST 1
| #define RETSIGTYPE void
| #define TIME_WITH_SYS_TIME 1
| #define HAVE_SOCKLEN_T 1
| #define SIZEOF_UNSIGNED_INT 4
| #define UNSIGNED_INT32 1
| #define HAVE_RESOLV 1
| #define HAVE_ALLOCA_H 1
| #define HAVE_ALLOCA 1
| #define GETPGRP_VOID 1
| #define SETPGRP_VOID 1
| #define HAVE_STRFTIME 1
| #define HAVE_SOCKET 1
| #define HAVE_GETHOSTNAME 1
| #define HAVE_GETTIMEOFDAY 1
| #define HAVE_STRTOUL 1
| #define HAVE_STPCPY 1
| #define HAVE_VSNPRINTF 1
| #define HAVE_SNPRINTF 1
| #define HAVE_SETSID 1
| #define HAVE_STRERROR 1
| #define HAVE_UNAME 1
| #define HAVE_GETRUSAGE 1
| #define HAVE_SYSCONF 1
| #define HAVE_GETPGID 1
| #define HAVE_KILLPG 1
| #define HAVE_GETLOGIN 1
| #define HAVE_REALPATH 1
| #define HAVE_FCHDIR 1
| #define HAVE_GETPASS 1
| #define HAVE_FPATHCONF 1
| #define HAVE_GETPWENT 1
| #define HAVE_SETVBUF 1
| #define HAVE_SELECT 1
| #define HAVE_MKSTEMP 1
| #define HAVE_MEMMOVE 1
| #define HAVE_SCANDIR 1
| #define HAVE_SETENV 1
| #define HAVE_INET_ATON 1
| #define PROTOTYPES 1
| #define __PROTOTYPES 1
| #define NBLOCK_POSIX 1
| #define HAVE_LIBCRYPTO 1
| #define HAVE_LIBSSL 1
| #define HAVE_SSL 1
| #define VERSION "BitchX-1.2.1"
| #define _VERSION_ "BitchX"
| #define HAVE_TERMINFO 1
| #define HAVE_TPARM 1
| #define HAVE_NCURSES_H 1
| #define HAVE_TERMCAP_H 1
| /* end confdefs.h.  */
| #if defined(HAVE_NCURSES_H)
|       #include <ncurses.h>
|       #elif defined(HAVE_NCURSES_NCURSES_H)
|       #include <ncurses/ncurses.h>
|       #elif defined(HAVE_CURSES_H)
|       #include <curses.h>
|       #endif
| 
| 
| #include <ncurses/term.h>
configure:11552: result: no
configure:11499: checking for term.h
configure:11522: gcc -c -g -O2 -fno-strict-aliasing  conftest.c >&5
configure:11528: $? = 0
configure:11532: test -z 
			 || test ! -s conftest.err
configure:11535: $? = 0
configure:11538: test -s conftest.o
configure:11541: $? = 0
configure:11552: result: yes
configure:11565: checking whether to enable Tcl support
configure:12220: result: no
configure:12225: checking for unix mail directory
configure:12254: result: /var/spool/mail
configure:12272: checking for default server list
configure:12299: result: none
configure:12304: checking whether to enable IPv6 support
configure:12395: result: no
configure:12400: checking whether to enable SOCKS support
configure:12581: result: no
configure:12586: checking whether to enable CD-ROM support
configure:12619: result: no
configure:12624: checking whether to enable dmalloc debugging support
configure:12717: result: no
configure:12722: checking whether to enable plugin support
configure:15693: result: not building with plugin support - you will not be able to use plugins
configure:15954: creating ./config.status

## ---------------------- ##
## Running config.status. ##
## ---------------------- ##

This file was extended by config.status, which was
generated by GNU Autoconf 2.59.  Invocation command line was

  CONFIG_FILES    = 
  CONFIG_HEADERS  = 
  CONFIG_LINKS    = 
  CONFIG_COMMANDS = 
  $ ./config.status 

on jaspion

config.status:765: creating Makefile
config.status:765: creating bx-conf/Makefile
config.status:765: creating doc/BitchX.bat
config.status:765: creating doc/Makefile
config.status:765: creating dll/Makefile
config.status:765: creating dll/abot/Makefile
config.status:765: creating dll/acro/Makefile
config.status:765: creating dll/aim/Makefile
config.status:765: creating dll/aim/toc/Makefile
config.status:765: creating dll/amp/Makefile
config.status:765: creating dll/arcfour/Makefile
config.status:765: creating dll/autocycle/Makefile
config.status:765: creating dll/blowfish/Makefile
config.status:765: creating dll/cavlink/Makefile
config.status:765: creating dll/cdrom/Makefile
config.status:765: creating dll/encrypt/Makefile
config.status:765: creating dll/europa/Makefile
config.status:765: creating dll/fserv/Makefile
config.status:765: creating dll/hint/Makefile
config.status:765: creating dll/identd/Makefile
config.status:765: creating dll/nap/Makefile
config.status:765: creating dll/nicklist/Makefile
config.status:765: creating dll/pkga/Makefile
config.status:765: creating dll/possum/Makefile
config.status:765: creating dll/qbx/Makefile
config.status:765: creating dll/qmail/Makefile
config.status:765: creating dll/wavplay/Makefile
config.status:765: creating dll/xmms/Makefile
config.status:765: creating source/Makefile
config.status:869: creating include/defs.h
config.status:1337: executing default commands

## ---------------- ##
## Cache variables. ##
## ---------------- ##

ac_cv_bcopy_declared=yes
ac_cv_c_compiler_gnu=yes
ac_cv_c_const=yes
ac_cv_c_inline=inline
ac_cv_env_CC_set=
ac_cv_env_CC_value=
ac_cv_env_CFLAGS_set=
ac_cv_env_CFLAGS_value=
ac_cv_env_CPPFLAGS_set=
ac_cv_env_CPPFLAGS_value=
ac_cv_env_CPP_set=
ac_cv_env_CPP_value=
ac_cv_env_LDFLAGS_set=
ac_cv_env_LDFLAGS_value=
ac_cv_env_build_alias_set=
ac_cv_env_build_alias_value=
ac_cv_env_host_alias_set=
ac_cv_env_host_alias_value=
ac_cv_env_target_alias_set=
ac_cv_env_target_alias_value=
ac_cv_errno_declared=no
ac_cv_exeext=
ac_cv_func_alloca_works=yes
ac_cv_func_connect=yes
ac_cv_func_fchdir=yes
ac_cv_func_fpathconf=yes
ac_cv_func_gethostbyname=yes
ac_cv_func_gethostname=yes
ac_cv_func_getlogin=yes
ac_cv_func_getpass=yes
ac_cv_func_getpgid=yes
ac_cv_func_getpgrp_void=yes
ac_cv_func_getpwent=yes
ac_cv_func_getrusage=yes
ac_cv_func_gettimeofday=yes
ac_cv_func_inet_aton=yes
ac_cv_func_killpg=yes
ac_cv_func_memmove=yes
ac_cv_func_mkstemp=yes
ac_cv_func_realpath=yes
ac_cv_func_scandir=yes
ac_cv_func_select=yes
ac_cv_func_setenv=yes
ac_cv_func_setpgrp_void=yes
ac_cv_func_setsid=yes
ac_cv_func_setvbuf=yes
ac_cv_func_setvbuf_reversed=no
ac_cv_func_snprintf=yes
ac_cv_func_socket=yes
ac_cv_func_stpcpy=yes
ac_cv_func_strerror=yes
ac_cv_func_strftime=yes
ac_cv_func_strlcat=no
ac_cv_func_strlcpy=no
ac_cv_func_strtoul=yes
ac_cv_func_sysconf=yes
ac_cv_func_tparm=yes
ac_cv_func_uname=yes
ac_cv_func_vsnprintf=yes
ac_cv_getpass_declared=yes
ac_cv_getpgid_declared=no
ac_cv_have_decl__sys_siglist=yes
ac_cv_have_decl_strsignal=yes
ac_cv_have_decl_sys_siglist=yes
ac_cv_header_arpa_inet_h=yes
ac_cv_header_arpa_nameser_h=yes
ac_cv_header_dirent_dirent_h=yes
ac_cv_header_dirent_h=yes
ac_cv_header_fcntl_h=yes
ac_cv_header_inttypes_h=yes
ac_cv_header_memory_h=yes
ac_cv_header_ncurses_h=yes
ac_cv_header_ncurses_term_h=no
ac_cv_header_ncurses_termcap_h=no
ac_cv_header_ndir_h=no
ac_cv_header_net_if_h=yes
ac_cv_header_netdb_h=yes
ac_cv_header_netinet_in_h=yes
ac_cv_header_regex_h=yes
ac_cv_header_resolv_h=yes
ac_cv_header_stdc=yes
ac_cv_header_stdint_h=yes
ac_cv_header_stdlib_h=yes
ac_cv_header_string_h=yes
ac_cv_header_strings_h=yes
ac_cv_header_sys_dir_h=yes
ac_cv_header_sys_fcntl_h=yes
ac_cv_header_sys_file_h=yes
ac_cv_header_sys_filio_h=no
ac_cv_header_sys_ndir_h=no
ac_cv_header_sys_socket_h=yes
ac_cv_header_sys_stat_h=yes
ac_cv_header_sys_time_h=yes
ac_cv_header_sys_types_h=yes
ac_cv_header_sys_un_h=yes
ac_cv_header_term_h=yes
ac_cv_header_termcap_h=yes
ac_cv_header_termios_h=yes
ac_cv_header_time=yes
ac_cv_header_unistd_h=yes
ac_cv_killpg_declared=yes
ac_cv_lib_crypt_crypt=yes
ac_cv_lib_crypto_SSLeay=yes
ac_cv_lib_dgc_inet_addr=no
ac_cv_lib_m_pow=yes
ac_cv_lib_ssl_SSL_accept=yes
ac_cv_lib_sun_getpwnam=no
ac_cv_non_blocking_type=posix
ac_cv_objext=o
ac_cv_path_install='/usr/bin/install -c'
ac_cv_prog_AWK=mawk
ac_cv_prog_CPP='gcc -E'
ac_cv_prog_MAKE=make
ac_cv_prog_ac_ct_CC=gcc
ac_cv_prog_cc_g=yes
ac_cv_prog_cc_stdc=
ac_cv_prog_egrep='grep -E'
ac_cv_prog_gcc_traditional=no
ac_cv_prog_make_make_set=yes
ac_cv_search_opendir='none required'
ac_cv_search_setupterm=-ltinfo
ac_cv_search_strerror='none required'
ac_cv_signal_names=sys_siglist
ac_cv_sizeof_unsigned_int=4
ac_cv_stpcpy_declared=yes
ac_cv_struct_linger_declared=yes
ac_cv_sun_len_declared=no
ac_cv_type_mode_t=yes
ac_cv_type_off_t=yes
ac_cv_type_pid_t=yes
ac_cv_type_signal=void
ac_cv_type_size_t=yes
ac_cv_type_socklen_t=yes
ac_cv_type_uid_t=yes
ac_cv_type_unsigned_int=yes
ac_cv_working_alloca_h=yes
bx_cv_lib_resolver=-lresolv

## ----------------- ##
## Output variables. ##
## ----------------- ##

ALLOCA=''
AUDIOFILE_CFLAGS=''
AUDIOFILE_CONFIG=''
AUDIOFILE_LIBS=''
AWK='mawk'
BZIP2='-9 --repetitive-best'
CC='gcc'
CD_OBJS=''
CD_SRCS=''
CFLAGS=' -g -O2 -fno-strict-aliasing -Wall'
CP='cp -f'
CPP='gcc -E'
CPPFLAGS=''
DEFAULT_BITCHX_HELP_FILE='BitchX.help'
DEFAULT_BITCHX_IRCNAME_FILE='BitchX.ircnames'
DEFAULT_BITCHX_KICK_FILE='BitchX.kick'
DEFAULT_BITCHX_QUIT_FILE='BitchX.quit'
DEFAULT_CTOOLZ_DIR='~/.BitchX'
DEFAULT_MSGLOGFILE='BitchX.away'
DEFAULT_SCRIPT_HELP_FILE='BitchX.help'
DEFS='-DHAVE_CONFIG_H'
ECHO_C=''
ECHO_N='-n'
ECHO_T=''
EGREP='grep -E'
ESD_CFLAGS=''
ESD_CONFIG=''
ESD_LIBS=''
EXEEXT=''
EXTRAS='wserv scr-bx'
GDK_IMLIB_CFLAGS=''
GDK_IMLIB_LIBS=''
GLIB_CFLAGS=''
GLIB_CONFIG=''
GLIB_LIBS=''
GNOME_CFLAGS=''
GNOME_CONFIG=''
GNOME_LIBS=''
GTK_CFLAGS=''
GTK_CONFIG=''
GTK_LIBS=''
GUI_SRCS=''
GZIP_ENV='--best'
HAVE_INET_ATON=''
HELPDIR='$(IRCLIB)/help'
HINT_FILE='BitchX.hints'
IMLIB_CONFIG=''
INCLUDES='-I. -I$(topdir)/include -I$(top_srcdir)/include -I$(srcdir) -I$(srcdir)/include'
INSTALL_DATA='${INSTALL} -m 644'
INSTALL_EXTRAS='installwserv installscr-bx'
INSTALL_IRC='${bindir}/$(_VERSION_)$(EXEEXT)'
INSTALL_PROGRAM='${INSTALL}'
INSTALL_SCRBX='${bindir}/scr-bx$(EXEEXT)'
INSTALL_SCRIPT='$(IRCLIB)/script'
INSTALL_WSERV='$(IRCLIB)/wserv$(EXEEXT)'
IRCLIB='${libdir}/bx'
IRCPATH='$(DEFAULT_CTOOLZ_DIR):$(DEFAULT_CTOOLZ_DIR)/plugins:.:$(PLUGINDIR):$(INSTALL_SCRIPT):$(IRCLIB)'
LDFLAGS=''
LIBOBJS=''
LIBS=' -ltinfo -lssl -lcrypto -lresolv -lm -lcrypt'
LN_S='ln -s'
LTLIBOBJS=''
MAKE='make'
MV='mv -f'
MYSQL_LIBS=''
OBJEXT='o'
PACKAGE_BUGREPORT=''
PACKAGE_NAME=''
PACKAGE_STRING=''
PACKAGE_TARNAME=''
PACKAGE_VERSION=''
PATH_SEPARATOR=':'
PLUGINDIR='$(IRCLIB)/plugins'
PLUGINS=''
RM='rm -f'
SET_MAKE=''
SHELL='/bin/bash'
SHLIB_CFLAGS=''
SHLIB_LD='gcc -shared'
SHLIB_SUFFIX='.so'
TCL_LIBS=''
TCL_OBJS=''
TCL_SRCS=''
TRANSLATION_PATH='$(IRCLIB)/translation'
VERSION='BitchX-1.2.1'
VERSION_NUMBER='1.2.1'
WINNT_INSTALL=''
XMMS_CFLAGS=''
XMMS_CONFIG=''
XMMS_DATA_DIR=''
XMMS_EFFECT_PLUGIN_DIR=''
XMMS_GENERAL_PLUGIN_DIR=''
XMMS_INPUT_PLUGIN_DIR=''
XMMS_LIBS=''
XMMS_OUTPUT_PLUGIN_DIR=''
XMMS_PLUGIN_DIR=''
XMMS_VERSION=''
XMMS_VISUALIZATION_PLUGIN_DIR=''
X_O=''
_VERSION_='BitchX'
ac_ct_CC='gcc'
bindir='${exec_prefix}/bin'
build_alias=''
datadir='${prefix}/share'
exec_prefix='${prefix}'
host_alias=''
includedir='${prefix}/include'
infodir='${prefix}/info'
libdir='${exec_prefix}/lib'
libexecdir='${exec_prefix}/libexec'
localstatedir='${prefix}/var'
mandir='${prefix}/man'
oldincludedir='/usr/include'
prefix='/usr/local'
program_transform_name='s,x,x,'
sbindir='${exec_prefix}/sbin'
sharedstatedir='${prefix}/com'
sysconfdir='${prefix}/etc'
target_alias=''
topdir='/home/marco/eclipse/github/Dockerfiles/bitchX/bitchx-1.2.1'

## ----------- ##
## confdefs.h. ##
## ----------- ##

#define BCOPY_DECLARED 1
#define DEFAULT_BITCHX_HELP_FILE "BitchX.help"
#define DEFAULT_BITCHX_IRCNAME_FILE "BitchX.ircnames"
#define DEFAULT_BITCHX_KICK_FILE "BitchX.kick"
#define DEFAULT_BITCHX_QUIT_FILE "BitchX.quit"
#define DEFAULT_CTOOLZ_DIR "~/.BitchX"
#define DEFAULT_MSGLOGFILE "BitchX.away"
#define DEFAULT_SCRIPT_HELP_FILE "BitchX.help"
#define GETPASS_DECLARED 1
#define GETPGRP_VOID 1
#define HAVE_ALLOCA 1
#define HAVE_ALLOCA_H 1
#define HAVE_ARPA_INET_H 1
#define HAVE_ARPA_NAMESER_H 1
#define HAVE_CRYPT 1
#define HAVE_DECL_STRSIGNAL 1
#define HAVE_DECL_SYS_SIGLIST 1
#define HAVE_DECL__SYS_SIGLIST 1
#define HAVE_DIRENT_H 1
#define HAVE_DIRENT_H 1
#define HAVE_FCHDIR 1
#define HAVE_FCNTL_H 1
#define HAVE_FPATHCONF 1
#define HAVE_GETHOSTNAME 1
#define HAVE_GETLOGIN 1
#define HAVE_GETPASS 1
#define HAVE_GETPGID 1
#define HAVE_GETPWENT 1
#define HAVE_GETRUSAGE 1
#define HAVE_GETTIMEOFDAY 1
#define HAVE_INET_ATON 1
#define HAVE_INTTYPES_H 1
#define HAVE_KILLPG 1
#define HAVE_LIBCRYPTO 1
#define HAVE_LIBSSL 1
#define HAVE_MEMMOVE 1
#define HAVE_MEMORY_H 1
#define HAVE_MKSTEMP 1
#define HAVE_NCURSES_H 1
#define HAVE_NETDB_H 1
#define HAVE_NETINET_IN_H 1
#define HAVE_NET_IF_H 1
#define HAVE_REALPATH 1
#define HAVE_REGEX_H 1
#define HAVE_RESOLV 1
#define HAVE_RESOLV_H 1
#define HAVE_SCANDIR 1
#define HAVE_SELECT 1
#define HAVE_SETENV 1
#define HAVE_SETSID 1
#define HAVE_SETVBUF 1
#define HAVE_SNPRINTF 1
#define HAVE_SOCKET 1
#define HAVE_SOCKLEN_T 1
#define HAVE_SSL 1
#define HAVE_STDINT_H 1
#define HAVE_STDLIB_H 1
#define HAVE_STPCPY 1
#define HAVE_STRERROR 1
#define HAVE_STRFTIME 1
#define HAVE_STRINGS_H 1
#define HAVE_STRING_H 1
#define HAVE_STRTOUL 1
#define HAVE_SYSCONF 1
#define HAVE_SYS_DIR_H 1
#define HAVE_SYS_FCNTL_H 1
#define HAVE_SYS_FILE_H 1
#define HAVE_SYS_SOCKET_H 1
#define HAVE_SYS_STAT_H 1
#define HAVE_SYS_TIME_H 1
#define HAVE_SYS_TYPES_H 1
#define HAVE_SYS_UN_H 1
#define HAVE_TERMCAP_H 1
#define HAVE_TERMINFO 1
#define HAVE_TERMIOS_H 1
#define HAVE_TERM_H 1
#define HAVE_TPARM 1
#define HAVE_UNAME 1
#define HAVE_UNISTD_H 1
#define HAVE_VSNPRINTF 1
#define KILLPG_DECLARED 1
#define NBLOCK_POSIX 1
#define PACKAGE_BUGREPORT ""
#define PACKAGE_NAME ""
#define PACKAGE_STRING ""
#define PACKAGE_TARNAME ""
#define PACKAGE_VERSION ""
#define PROTOTYPES 1
#define RETSIGTYPE void
#define SETPGRP_VOID 1
#define SIZEOF_UNSIGNED_INT 4
#define STDC_HEADERS 1
#define STPCPY_DECLARED 1
#define STRUCT_LINGER_DECLARED 1
#define TIME_WITH_SYS_TIME 1
#define UNIX_MAIL "/var/spool/mail"
#define UNSIGNED_INT32 1
#define VERSION "BitchX-1.2.1"
#define VERSION_NUMBER "1.2.1"
#define _VERSION_ "BitchX"
#define __PROTOTYPES 1

configure: exit 0
